2026-04-09 15:02:48 | INFO     | coda_full | Log file: C:\Users\Meric\Desktop\VKR\Code\results\logs\2026-04-09_15-02-48_coda_full.log
2026-04-09 15:02:48 | INFO     | coda_full | ============================================================
2026-04-09 15:02:48 | INFO     | coda_full | Training: CODA-FULL
2026-04-09 15:02:48 | INFO     | coda_full | Device: cuda | Seed: 42 | Dry run: False
2026-04-09 15:02:48 | INFO     | coda_full | Epochs: 30 | Batch: 16 | LR: 1.00e-04
2026-04-09 15:02:48 | INFO     | coda_full | Freeze BERT: True | Prosodic: True
2026-04-09 15:02:48 | INFO     | coda_full | ============================================================
2026-04-09 15:02:48 | INFO     | coda_full | Dataset: 4671 samples
2026-04-09 15:02:48 | INFO     | coda_full | Train: 4204 | Val: 467
2026-04-09 15:02:48 | INFO     | coda_full | Class weights: ['1.111', '0.887', '0.496', '1.506']
2026-04-09 15:02:53 | INFO     | coda_full | Total params: 181,278,151 | Trainable: 2,970,823
2026-04-09 15:03:33 | DEBUG    | coda_full |   batch 50 | loss 2.9098 | grad 1.6092 | lr 4.95e-06 | GPU 0.81 GB
2026-04-09 15:03:43 | DEBUG    | coda_full |   batch 100 | loss 2.9771 | grad 1.6032 | lr 7.76e-06 | GPU 0.82 GB
2026-04-09 15:03:52 | DEBUG    | coda_full |   batch 150 | loss 1.7840 | grad 1.6517 | lr 1.23e-05 | GPU 0.81 GB
2026-04-09 15:04:02 | DEBUG    | coda_full |   batch 200 | loss 1.7402 | grad 1.6234 | lr 1.85e-05 | GPU 0.80 GB
2026-04-09 15:04:11 | DEBUG    | coda_full |   batch 250 | loss 2.0600 | grad 1.5594 | lr 2.59e-05 | GPU 0.80 GB
2026-04-09 15:04:45 | INFO     | coda_full | Epoch 1/30 | train_loss 2.6461 | val_loss 1.4415 | train_UA 0.2499 | val_UA 0.3126 | val_F1 0.2085 | time 110.2s | ETA 3195.1s
2026-04-09 15:04:56 | DEBUG    | coda_full |   batch 50 | loss 2.4506 | grad 1.5677 | lr 3.68e-05 | GPU 0.81 GB
2026-04-09 15:05:05 | DEBUG    | coda_full |   batch 100 | loss 1.1866 | grad 1.6631 | lr 4.61e-05 | GPU 0.81 GB
2026-04-09 15:05:15 | DEBUG    | coda_full |   batch 150 | loss 1.5450 | grad 1.7759 | lr 5.56e-05 | GPU 0.81 GB
2026-04-09 15:05:24 | DEBUG    | coda_full |   batch 200 | loss 1.2345 | grad 1.8027 | lr 6.50e-05 | GPU 0.80 GB
2026-04-09 15:05:34 | DEBUG    | coda_full |   batch 250 | loss 1.6664 | grad 2.1259 | lr 7.39e-05 | GPU 0.80 GB
2026-04-09 15:05:38 | INFO     | coda_full | Epoch 2/30 | train_loss 1.5697 | val_loss 0.9961 | train_UA 0.3935 | val_UA 0.5668 | val_F1 0.5117 | time 51.0s | ETA 2280.5s
2026-04-09 15:05:50 | DEBUG    | coda_full |   batch 50 | loss 1.3022 | grad 2.2933 | lr 8.39e-05 | GPU 0.80 GB
2026-04-09 15:05:59 | DEBUG    | coda_full |   batch 100 | loss 1.1661 | grad 2.0798 | lr 9.03e-05 | GPU 0.80 GB
2026-04-09 15:06:08 | DEBUG    | coda_full |   batch 150 | loss 1.1169 | grad 2.0171 | lr 9.53e-05 | GPU 0.80 GB
2026-04-09 15:06:18 | DEBUG    | coda_full |   batch 200 | loss 0.6649 | grad 2.2797 | lr 9.85e-05 | GPU 0.80 GB
2026-04-09 15:06:27 | DEBUG    | coda_full |   batch 250 | loss 1.1813 | grad 1.9379 | lr 9.99e-05 | GPU 0.80 GB
2026-04-09 15:06:31 | INFO     | coda_full | Epoch 3/30 | train_loss 0.9440 | val_loss 0.8788 | train_UA 0.6066 | val_UA 0.6542 | val_F1 0.6130 | time 50.6s | ETA 1944.0s
2026-04-09 15:06:42 | DEBUG    | coda_full |   batch 50 | loss 1.1818 | grad 2.4153 | lr 1.00e-04 | GPU 0.81 GB
2026-04-09 15:06:51 | DEBUG    | coda_full |   batch 100 | loss 0.6946 | grad 2.3683 | lr 1.00e-04 | GPU 0.80 GB
2026-04-09 15:07:01 | DEBUG    | coda_full |   batch 150 | loss 0.6829 | grad 2.0147 | lr 9.99e-05 | GPU 0.80 GB
2026-04-09 15:07:10 | DEBUG    | coda_full |   batch 200 | loss 0.3194 | grad 2.3422 | lr 9.98e-05 | GPU 0.80 GB
2026-04-09 15:07:19 | DEBUG    | coda_full |   batch 250 | loss 0.8215 | grad 2.0237 | lr 9.97e-05 | GPU 0.80 GB
2026-04-09 15:07:23 | INFO     | coda_full | Epoch 4/30 | train_loss 0.7456 | val_loss 0.7068 | train_UA 0.7097 | val_UA 0.7488 | val_F1 0.7058 | time 50.4s | ETA 1746.9s
2026-04-09 15:07:38 | DEBUG    | coda_full |   batch 50 | loss 0.6488 | grad 2.4578 | lr 9.95e-05 | GPU 0.80 GB
2026-04-09 15:07:48 | DEBUG    | coda_full |   batch 100 | loss 0.5971 | grad 2.2828 | lr 9.94e-05 | GPU 0.80 GB
2026-04-09 15:07:57 | DEBUG    | coda_full |   batch 150 | loss 0.6844 | grad 2.5550 | lr 9.92e-05 | GPU 0.80 GB
2026-04-09 15:08:06 | DEBUG    | coda_full |   batch 200 | loss 0.6181 | grad 2.0251 | lr 9.90e-05 | GPU 0.80 GB
2026-04-09 15:08:15 | DEBUG    | coda_full |   batch 250 | loss 0.3013 | grad 2.4740 | lr 9.87e-05 | GPU 0.81 GB
2026-04-09 15:08:19 | INFO     | coda_full | Epoch 5/30 | train_loss 0.6210 | val_loss 0.8110 | train_UA 0.7578 | val_UA 0.6944 | val_F1 0.7110 | time 51.7s | ETA 1622.9s
2026-04-09 15:08:32 | DEBUG    | coda_full |   batch 50 | loss 0.4997 | grad 2.2892 | lr 9.84e-05 | GPU 0.81 GB
2026-04-09 15:08:42 | DEBUG    | coda_full |   batch 100 | loss 0.5684 | grad 2.3094 | lr 9.81e-05 | GPU 0.80 GB
2026-04-09 15:08:51 | DEBUG    | coda_full |   batch 150 | loss 0.2935 | grad 2.5339 | lr 9.78e-05 | GPU 0.80 GB
2026-04-09 15:09:01 | DEBUG    | coda_full |   batch 200 | loss 0.6132 | grad 2.2961 | lr 9.74e-05 | GPU 0.80 GB
2026-04-09 15:09:10 | DEBUG    | coda_full |   batch 250 | loss 0.7706 | grad 2.4969 | lr 9.71e-05 | GPU 0.81 GB
2026-04-09 15:09:14 | INFO     | coda_full | Epoch 6/30 | train_loss 0.5573 | val_loss 0.7151 | train_UA 0.7843 | val_UA 0.7441 | val_F1 0.7485 | time 51.6s | ETA 1518.9s
2026-04-09 15:09:27 | DEBUG    | coda_full |   batch 50 | loss 0.1589 | grad 2.6923 | lr 9.66e-05 | GPU 0.81 GB
2026-04-09 15:09:37 | DEBUG    | coda_full |   batch 100 | loss 1.0170 | grad 2.5125 | lr 9.62e-05 | GPU 0.81 GB
2026-04-09 15:09:46 | DEBUG    | coda_full |   batch 150 | loss 0.6600 | grad 2.7293 | lr 9.57e-05 | GPU 0.80 GB
2026-04-09 15:09:56 | DEBUG    | coda_full |   batch 200 | loss 0.6857 | grad 2.5113 | lr 9.53e-05 | GPU 0.81 GB
2026-04-09 15:10:05 | DEBUG    | coda_full |   batch 250 | loss 0.2595 | grad 2.9412 | lr 9.48e-05 | GPU 0.80 GB
2026-04-09 15:10:09 | INFO     | coda_full | Epoch 7/30 | train_loss 0.4786 | val_loss 0.7092 | train_UA 0.8271 | val_UA 0.7379 | val_F1 0.7100 | time 51.5s | ETA 1428.3s
2026-04-09 15:10:23 | DEBUG    | coda_full |   batch 50 | loss 0.6305 | grad 2.5612 | lr 9.42e-05 | GPU 0.81 GB
2026-04-09 15:10:32 | DEBUG    | coda_full |   batch 100 | loss 0.3804 | grad 2.7553 | lr 9.36e-05 | GPU 0.81 GB
2026-04-09 15:10:41 | DEBUG    | coda_full |   batch 150 | loss 0.3846 | grad 2.9895 | lr 9.31e-05 | GPU 0.80 GB
2026-04-09 15:10:51 | DEBUG    | coda_full |   batch 200 | loss 0.2202 | grad 2.5172 | lr 9.25e-05 | GPU 0.81 GB
2026-04-09 15:11:00 | DEBUG    | coda_full |   batch 250 | loss 0.7636 | grad 2.7027 | lr 9.19e-05 | GPU 0.80 GB
2026-04-09 15:11:04 | INFO     | coda_full | Epoch 8/30 | train_loss 0.3937 | val_loss 0.7245 | train_UA 0.8496 | val_UA 0.7663 | val_F1 0.7507 | time 51.2s | ETA 1346.0s
2026-04-09 15:11:17 | DEBUG    | coda_full |   batch 50 | loss 0.3623 | grad 3.0752 | lr 9.11e-05 | GPU 0.80 GB
2026-04-09 15:11:27 | DEBUG    | coda_full |   batch 100 | loss 0.6348 | grad 2.5072 | lr 9.05e-05 | GPU 0.81 GB
2026-04-09 15:11:35 | DEBUG    | coda_full |   batch 150 | loss 0.4353 | grad 2.7518 | lr 8.98e-05 | GPU 0.80 GB
2026-04-09 15:11:45 | DEBUG    | coda_full |   batch 200 | loss 0.4482 | grad 3.0416 | lr 8.92e-05 | GPU 0.80 GB
2026-04-09 15:11:54 | DEBUG    | coda_full |   batch 250 | loss 0.8539 | grad 2.6345 | lr 8.85e-05 | GPU 0.81 GB
2026-04-09 15:11:58 | INFO     | coda_full | Epoch 9/30 | train_loss 0.3424 | val_loss 0.7914 | train_UA 0.8742 | val_UA 0.7484 | val_F1 0.7347 | time 50.1s | ETA 1267.3s
2026-04-09 15:12:11 | DEBUG    | coda_full |   batch 50 | loss 0.2411 | grad 2.6868 | lr 8.76e-05 | GPU 0.80 GB
2026-04-09 15:12:20 | DEBUG    | coda_full |   batch 100 | loss 0.1037 | grad 2.9765 | lr 8.68e-05 | GPU 0.80 GB
2026-04-09 15:12:29 | DEBUG    | coda_full |   batch 150 | loss 0.1128 | grad 2.9589 | lr 8.61e-05 | GPU 0.80 GB
2026-04-09 15:12:38 | DEBUG    | coda_full |   batch 200 | loss 0.4170 | grad 2.6976 | lr 8.53e-05 | GPU 0.80 GB
2026-04-09 15:12:47 | DEBUG    | coda_full |   batch 250 | loss 0.2791 | grad 3.1827 | lr 8.45e-05 | GPU 0.80 GB
2026-04-09 15:12:51 | INFO     | coda_full | Epoch 10/30 | train_loss 0.3064 | val_loss 0.7978 | train_UA 0.8922 | val_UA 0.7379 | val_F1 0.6988 | time 49.8s | ETA 1193.1s
2026-04-09 15:13:05 | DEBUG    | coda_full |   batch 50 | loss 0.3760 | grad 2.7014 | lr 8.35e-05 | GPU 0.80 GB
2026-04-09 15:13:14 | DEBUG    | coda_full |   batch 100 | loss 0.2971 | grad 2.8514 | lr 8.27e-05 | GPU 0.80 GB
2026-04-09 15:13:23 | DEBUG    | coda_full |   batch 150 | loss 0.1028 | grad 2.9147 | lr 8.18e-05 | GPU 0.80 GB
2026-04-09 15:13:33 | DEBUG    | coda_full |   batch 200 | loss 0.3900 | grad 2.9322 | lr 8.09e-05 | GPU 0.80 GB
2026-04-09 15:13:43 | DEBUG    | coda_full |   batch 250 | loss 0.1416 | grad 3.1601 | lr 8.01e-05 | GPU 0.80 GB
2026-04-09 15:13:47 | INFO     | coda_full | Epoch 11/30 | train_loss 0.2612 | val_loss 0.8386 | train_UA 0.9011 | val_UA 0.7503 | val_F1 0.7402 | time 52.0s | ETA 1126.3s
2026-04-09 15:14:01 | DEBUG    | coda_full |   batch 50 | loss 0.0444 | grad 2.6164 | lr 7.89e-05 | GPU 0.80 GB
2026-04-09 15:14:10 | DEBUG    | coda_full |   batch 100 | loss 0.4097 | grad 3.0806 | lr 7.80e-05 | GPU 0.80 GB
2026-04-09 15:14:19 | DEBUG    | coda_full |   batch 150 | loss 0.3689 | grad 3.1498 | lr 7.71e-05 | GPU 0.80 GB
2026-04-09 15:14:28 | DEBUG    | coda_full |   batch 200 | loss 0.2981 | grad 3.2029 | lr 7.62e-05 | GPU 0.80 GB
2026-04-09 15:14:37 | DEBUG    | coda_full |   batch 250 | loss 0.6801 | grad 3.3555 | lr 7.52e-05 | GPU 0.80 GB
2026-04-09 15:14:42 | INFO     | coda_full | Epoch 12/30 | train_loss 0.2225 | val_loss 0.9069 | train_UA 0.9191 | val_UA 0.7445 | val_F1 0.7439 | time 50.9s | ETA 1060.3s
2026-04-09 15:14:56 | DEBUG    | coda_full |   batch 50 | loss 0.1843 | grad 2.9295 | lr 7.40e-05 | GPU 0.80 GB
2026-04-09 15:15:05 | DEBUG    | coda_full |   batch 100 | loss 0.1013 | grad 2.7770 | lr 7.30e-05 | GPU 0.80 GB
2026-04-09 15:15:14 | DEBUG    | coda_full |   batch 150 | loss 0.0095 | grad 2.8169 | lr 7.21e-05 | GPU 0.80 GB
2026-04-09 15:15:23 | DEBUG    | coda_full |   batch 200 | loss 0.1541 | grad 3.1498 | lr 7.11e-05 | GPU 0.80 GB
2026-04-09 15:15:33 | DEBUG    | coda_full |   batch 250 | loss 0.1567 | grad 3.2995 | lr 7.00e-05 | GPU 0.80 GB
2026-04-09 15:15:37 | INFO     | coda_full | Epoch 13/30 | train_loss 0.1872 | val_loss 0.9956 | train_UA 0.9349 | val_UA 0.7555 | val_F1 0.7193 | time 51.2s | ETA 996.4s
2026-04-09 15:15:41 | INFO     | coda_full | Early stopping at epoch 13
2026-04-09 15:15:41 | INFO     | coda_full | ============================================================
2026-04-09 15:15:41 | INFO     | coda_full | Training complete in 12.8 min
2026-04-09 15:15:41 | INFO     | coda_full | Best val UA: 0.7663
2026-04-09 15:15:41 | INFO     | coda_full | 
Final validation metrics:
2026-04-09 15:15:41 | INFO     | coda_full | WA:       0.7195
UA:       0.7555
Macro F1: 0.7193
Per-class F1:
  angry        0.7789
  sad          0.7194
  neutral      0.7076
  positive     0.6711
2026-04-09 15:15:41 | INFO     | coda_full | Metrics saved to C:\Users\Meric\Desktop\VKR\Code\results\metrics\coda_full_seed42.json
