2026-04-10 12:35:30 | INFO     | hf_rubert_baseline | Log file: C:\Users\Meric\Desktop\VKR\Code\results\logs\2026-04-10_12-35-30_hf_rubert_baseline.log
2026-04-10 12:35:30 | INFO     | hf_rubert_baseline | ============================================================
2026-04-10 12:35:30 | INFO     | hf_rubert_baseline | Training: hf_rubert_baseline
2026-04-10 12:35:30 | INFO     | hf_rubert_baseline | Device: cuda | Seed: 42 | Dry run: False
2026-04-10 12:35:30 | INFO     | hf_rubert_baseline | Epochs: 30 | Batch: 32 | LR: 2.00e-05
2026-04-10 12:35:30 | INFO     | hf_rubert_baseline | Freeze BERT: False
2026-04-10 12:35:30 | INFO     | hf_rubert_baseline | ============================================================
2026-04-10 12:35:33 | INFO     | hf_rubert_baseline | Dataset: 179590 samples (text required)
2026-04-10 12:35:34 | INFO     | hf_rubert_baseline | Train: 161631 | Val: 17959
2026-04-10 12:35:34 | INFO     | hf_rubert_baseline | Class weights: [1.1833072900772095, 1.0306731462478638, 0.20952686667442322, 1.5764926671981812]
2026-04-10 12:35:39 | INFO     | hf_rubert_baseline | Total params: 178,571,524 | Trainable: 178,571,524
2026-04-10 12:36:41 | DEBUG    | hf_rubert_baseline |   batch 50 | loss 1.3337 | lr 8.01e-07 | GPU 2.88 GB
2026-04-10 12:36:46 | DEBUG    | hf_rubert_baseline |   batch 100 | loss 1.3773 | lr 8.02e-07 | GPU 2.88 GB
2026-04-10 12:36:51 | DEBUG    | hf_rubert_baseline |   batch 150 | loss 1.3754 | lr 8.05e-07 | GPU 2.88 GB
2026-04-10 12:36:56 | DEBUG    | hf_rubert_baseline |   batch 200 | loss 1.4109 | lr 8.08e-07 | GPU 2.88 GB
2026-04-10 12:37:01 | DEBUG    | hf_rubert_baseline |   batch 250 | loss 1.4409 | lr 8.13e-07 | GPU 2.87 GB
2026-04-10 12:37:06 | DEBUG    | hf_rubert_baseline |   batch 300 | loss 1.2880 | lr 8.19e-07 | GPU 2.87 GB
2026-04-10 12:37:11 | DEBUG    | hf_rubert_baseline |   batch 350 | loss 1.3592 | lr 8.25e-07 | GPU 2.88 GB
2026-04-10 12:37:16 | DEBUG    | hf_rubert_baseline |   batch 400 | loss 1.3575 | lr 8.33e-07 | GPU 2.87 GB
2026-04-10 12:37:22 | DEBUG    | hf_rubert_baseline |   batch 450 | loss 1.3602 | lr 8.42e-07 | GPU 2.87 GB
2026-04-10 12:37:28 | DEBUG    | hf_rubert_baseline |   batch 500 | loss 1.2950 | lr 8.52e-07 | GPU 2.88 GB
2026-04-10 12:37:33 | DEBUG    | hf_rubert_baseline |   batch 550 | loss 1.3578 | lr 8.62e-07 | GPU 2.87 GB
2026-04-10 12:37:40 | DEBUG    | hf_rubert_baseline |   batch 600 | loss 1.1905 | lr 8.74e-07 | GPU 2.87 GB
2026-04-10 12:37:46 | DEBUG    | hf_rubert_baseline |   batch 650 | loss 1.2278 | lr 8.87e-07 | GPU 2.88 GB
2026-04-10 12:37:52 | DEBUG    | hf_rubert_baseline |   batch 700 | loss 1.3374 | lr 9.01e-07 | GPU 2.88 GB
2026-04-10 12:37:58 | DEBUG    | hf_rubert_baseline |   batch 750 | loss 1.3380 | lr 9.16e-07 | GPU 2.88 GB
2026-04-10 12:38:04 | DEBUG    | hf_rubert_baseline |   batch 800 | loss 1.2156 | lr 9.32e-07 | GPU 2.88 GB
2026-04-10 12:38:10 | DEBUG    | hf_rubert_baseline |   batch 850 | loss 1.2901 | lr 9.49e-07 | GPU 2.87 GB
2026-04-10 12:38:16 | DEBUG    | hf_rubert_baseline |   batch 900 | loss 1.1788 | lr 9.67e-07 | GPU 2.88 GB
2026-04-10 12:38:22 | DEBUG    | hf_rubert_baseline |   batch 950 | loss 1.1482 | lr 9.86e-07 | GPU 2.88 GB
2026-04-10 12:38:27 | DEBUG    | hf_rubert_baseline |   batch 1000 | loss 1.1185 | lr 1.01e-06 | GPU 2.88 GB
2026-04-10 12:38:33 | DEBUG    | hf_rubert_baseline |   batch 1050 | loss 1.0936 | lr 1.03e-06 | GPU 2.89 GB
2026-04-10 12:38:39 | DEBUG    | hf_rubert_baseline |   batch 1100 | loss 1.3787 | lr 1.05e-06 | GPU 2.88 GB
2026-04-10 12:38:45 | DEBUG    | hf_rubert_baseline |   batch 1150 | loss 1.2738 | lr 1.07e-06 | GPU 2.89 GB
2026-04-10 12:38:51 | DEBUG    | hf_rubert_baseline |   batch 1200 | loss 1.2072 | lr 1.10e-06 | GPU 2.88 GB
2026-04-10 12:38:58 | DEBUG    | hf_rubert_baseline |   batch 1250 | loss 1.1195 | lr 1.12e-06 | GPU 2.87 GB
2026-04-10 12:39:04 | DEBUG    | hf_rubert_baseline |   batch 1300 | loss 1.1809 | lr 1.15e-06 | GPU 2.87 GB
2026-04-10 12:39:10 | DEBUG    | hf_rubert_baseline |   batch 1350 | loss 1.2288 | lr 1.17e-06 | GPU 2.87 GB
2026-04-10 12:39:15 | DEBUG    | hf_rubert_baseline |   batch 1400 | loss 1.1800 | lr 1.20e-06 | GPU 2.87 GB
2026-04-10 12:39:21 | DEBUG    | hf_rubert_baseline |   batch 1450 | loss 1.1058 | lr 1.23e-06 | GPU 2.88 GB
2026-04-10 12:39:26 | DEBUG    | hf_rubert_baseline |   batch 1500 | loss 1.1130 | lr 1.26e-06 | GPU 2.88 GB
2026-04-10 12:39:32 | DEBUG    | hf_rubert_baseline |   batch 1550 | loss 1.3043 | lr 1.29e-06 | GPU 2.88 GB
2026-04-10 12:39:38 | DEBUG    | hf_rubert_baseline |   batch 1600 | loss 1.2154 | lr 1.32e-06 | GPU 2.88 GB
2026-04-10 12:39:44 | DEBUG    | hf_rubert_baseline |   batch 1650 | loss 1.1196 | lr 1.36e-06 | GPU 2.88 GB
2026-04-10 12:39:50 | DEBUG    | hf_rubert_baseline |   batch 1700 | loss 0.9906 | lr 1.39e-06 | GPU 2.88 GB
2026-04-10 12:39:56 | DEBUG    | hf_rubert_baseline |   batch 1750 | loss 1.3612 | lr 1.43e-06 | GPU 2.88 GB
2026-04-10 12:40:03 | DEBUG    | hf_rubert_baseline |   batch 1800 | loss 1.0893 | lr 1.46e-06 | GPU 2.87 GB
2026-04-10 12:40:09 | DEBUG    | hf_rubert_baseline |   batch 1850 | loss 1.0582 | lr 1.50e-06 | GPU 2.88 GB
2026-04-10 12:40:15 | DEBUG    | hf_rubert_baseline |   batch 1900 | loss 1.0981 | lr 1.54e-06 | GPU 2.88 GB
2026-04-10 12:40:21 | DEBUG    | hf_rubert_baseline |   batch 1950 | loss 0.7295 | lr 1.57e-06 | GPU 2.87 GB
2026-04-10 12:40:26 | DEBUG    | hf_rubert_baseline |   batch 2000 | loss 1.0835 | lr 1.61e-06 | GPU 2.87 GB
2026-04-10 12:40:32 | DEBUG    | hf_rubert_baseline |   batch 2050 | loss 1.0970 | lr 1.65e-06 | GPU 2.88 GB
2026-04-10 12:40:38 | DEBUG    | hf_rubert_baseline |   batch 2100 | loss 0.9356 | lr 1.70e-06 | GPU 2.88 GB
2026-04-10 12:40:44 | DEBUG    | hf_rubert_baseline |   batch 2150 | loss 0.8726 | lr 1.74e-06 | GPU 2.88 GB
2026-04-10 12:40:50 | DEBUG    | hf_rubert_baseline |   batch 2200 | loss 1.0977 | lr 1.78e-06 | GPU 2.88 GB
2026-04-10 12:40:56 | DEBUG    | hf_rubert_baseline |   batch 2250 | loss 0.8557 | lr 1.83e-06 | GPU 2.88 GB
2026-04-10 12:41:02 | DEBUG    | hf_rubert_baseline |   batch 2300 | loss 0.9891 | lr 1.87e-06 | GPU 2.88 GB
2026-04-10 12:41:08 | DEBUG    | hf_rubert_baseline |   batch 2350 | loss 1.0385 | lr 1.92e-06 | GPU 2.88 GB
2026-04-10 12:41:13 | DEBUG    | hf_rubert_baseline |   batch 2400 | loss 0.9851 | lr 1.96e-06 | GPU 2.88 GB
2026-04-10 12:41:20 | DEBUG    | hf_rubert_baseline |   batch 2450 | loss 0.7709 | lr 2.01e-06 | GPU 2.88 GB
2026-04-10 12:41:26 | DEBUG    | hf_rubert_baseline |   batch 2500 | loss 0.7245 | lr 2.06e-06 | GPU 2.88 GB
2026-04-10 12:41:31 | DEBUG    | hf_rubert_baseline |   batch 2550 | loss 1.1079 | lr 2.11e-06 | GPU 2.88 GB
2026-04-10 12:41:37 | DEBUG    | hf_rubert_baseline |   batch 2600 | loss 0.9721 | lr 2.16e-06 | GPU 2.87 GB
2026-04-10 12:41:42 | DEBUG    | hf_rubert_baseline |   batch 2650 | loss 1.0241 | lr 2.21e-06 | GPU 2.88 GB
2026-04-10 12:41:48 | DEBUG    | hf_rubert_baseline |   batch 2700 | loss 0.8967 | lr 2.27e-06 | GPU 2.87 GB
2026-04-10 12:41:54 | DEBUG    | hf_rubert_baseline |   batch 2750 | loss 0.8883 | lr 2.32e-06 | GPU 2.88 GB
2026-04-10 12:41:59 | DEBUG    | hf_rubert_baseline |   batch 2800 | loss 0.7772 | lr 2.37e-06 | GPU 2.87 GB
2026-04-10 12:42:05 | DEBUG    | hf_rubert_baseline |   batch 2850 | loss 0.8244 | lr 2.43e-06 | GPU 2.88 GB
2026-04-10 12:42:11 | DEBUG    | hf_rubert_baseline |   batch 2900 | loss 1.0108 | lr 2.48e-06 | GPU 2.88 GB
2026-04-10 12:42:17 | DEBUG    | hf_rubert_baseline |   batch 2950 | loss 1.2793 | lr 2.54e-06 | GPU 2.87 GB
2026-04-10 12:42:23 | DEBUG    | hf_rubert_baseline |   batch 3000 | loss 0.9903 | lr 2.60e-06 | GPU 2.88 GB
2026-04-10 12:42:29 | DEBUG    | hf_rubert_baseline |   batch 3050 | loss 0.9816 | lr 2.66e-06 | GPU 2.88 GB
2026-04-10 12:42:34 | DEBUG    | hf_rubert_baseline |   batch 3100 | loss 0.8547 | lr 2.72e-06 | GPU 2.88 GB
2026-04-10 12:42:40 | DEBUG    | hf_rubert_baseline |   batch 3150 | loss 1.2488 | lr 2.78e-06 | GPU 2.87 GB
2026-04-10 12:42:46 | DEBUG    | hf_rubert_baseline |   batch 3200 | loss 1.0098 | lr 2.84e-06 | GPU 2.88 GB
2026-04-10 12:42:52 | DEBUG    | hf_rubert_baseline |   batch 3250 | loss 0.7740 | lr 2.90e-06 | GPU 2.87 GB
2026-04-10 12:42:58 | DEBUG    | hf_rubert_baseline |   batch 3300 | loss 0.6367 | lr 2.96e-06 | GPU 2.87 GB
2026-04-10 12:43:04 | DEBUG    | hf_rubert_baseline |   batch 3350 | loss 1.1047 | lr 3.02e-06 | GPU 2.87 GB
2026-04-10 12:43:10 | DEBUG    | hf_rubert_baseline |   batch 3400 | loss 0.8303 | lr 3.09e-06 | GPU 2.88 GB
2026-04-10 12:43:15 | DEBUG    | hf_rubert_baseline |   batch 3450 | loss 0.8826 | lr 3.15e-06 | GPU 2.88 GB
2026-04-10 12:43:21 | DEBUG    | hf_rubert_baseline |   batch 3500 | loss 1.2118 | lr 3.22e-06 | GPU 2.88 GB
2026-04-10 12:43:27 | DEBUG    | hf_rubert_baseline |   batch 3550 | loss 0.9841 | lr 3.29e-06 | GPU 2.88 GB
2026-04-10 12:43:33 | DEBUG    | hf_rubert_baseline |   batch 3600 | loss 1.2466 | lr 3.35e-06 | GPU 2.88 GB
2026-04-10 12:43:39 | DEBUG    | hf_rubert_baseline |   batch 3650 | loss 1.1381 | lr 3.42e-06 | GPU 2.87 GB
2026-04-10 12:43:44 | DEBUG    | hf_rubert_baseline |   batch 3700 | loss 0.6977 | lr 3.49e-06 | GPU 2.87 GB
2026-04-10 12:43:50 | DEBUG    | hf_rubert_baseline |   batch 3750 | loss 0.6102 | lr 3.56e-06 | GPU 2.88 GB
2026-04-10 12:43:55 | DEBUG    | hf_rubert_baseline |   batch 3800 | loss 0.8958 | lr 3.63e-06 | GPU 2.88 GB
2026-04-10 12:44:00 | DEBUG    | hf_rubert_baseline |   batch 3850 | loss 0.9511 | lr 3.70e-06 | GPU 2.87 GB
2026-04-10 12:44:05 | DEBUG    | hf_rubert_baseline |   batch 3900 | loss 0.9073 | lr 3.77e-06 | GPU 2.88 GB
2026-04-10 12:44:12 | DEBUG    | hf_rubert_baseline |   batch 3950 | loss 1.0421 | lr 3.84e-06 | GPU 2.88 GB
2026-04-10 12:44:18 | DEBUG    | hf_rubert_baseline |   batch 4000 | loss 0.9582 | lr 3.92e-06 | GPU 2.88 GB
2026-04-10 12:44:23 | DEBUG    | hf_rubert_baseline |   batch 4050 | loss 1.0625 | lr 3.99e-06 | GPU 2.88 GB
2026-04-10 12:44:29 | DEBUG    | hf_rubert_baseline |   batch 4100 | loss 0.7087 | lr 4.06e-06 | GPU 2.88 GB
2026-04-10 12:44:36 | DEBUG    | hf_rubert_baseline |   batch 4150 | loss 1.2164 | lr 4.14e-06 | GPU 2.87 GB
2026-04-10 12:44:42 | DEBUG    | hf_rubert_baseline |   batch 4200 | loss 0.8943 | lr 4.22e-06 | GPU 2.88 GB
2026-04-10 12:44:49 | DEBUG    | hf_rubert_baseline |   batch 4250 | loss 0.9102 | lr 4.29e-06 | GPU 2.87 GB
2026-04-10 12:44:55 | DEBUG    | hf_rubert_baseline |   batch 4300 | loss 1.2921 | lr 4.37e-06 | GPU 2.87 GB
2026-04-10 12:45:00 | DEBUG    | hf_rubert_baseline |   batch 4350 | loss 0.8241 | lr 4.45e-06 | GPU 2.88 GB
2026-04-10 12:45:06 | DEBUG    | hf_rubert_baseline |   batch 4400 | loss 0.9297 | lr 4.53e-06 | GPU 2.88 GB
2026-04-10 12:45:12 | DEBUG    | hf_rubert_baseline |   batch 4450 | loss 0.7129 | lr 4.60e-06 | GPU 2.88 GB
2026-04-10 12:45:18 | DEBUG    | hf_rubert_baseline |   batch 4500 | loss 0.9395 | lr 4.68e-06 | GPU 2.88 GB
2026-04-10 12:45:24 | DEBUG    | hf_rubert_baseline |   batch 4550 | loss 0.7734 | lr 4.76e-06 | GPU 2.88 GB
2026-04-10 12:45:30 | DEBUG    | hf_rubert_baseline |   batch 4600 | loss 0.6149 | lr 4.85e-06 | GPU 2.88 GB
2026-04-10 12:45:36 | DEBUG    | hf_rubert_baseline |   batch 4650 | loss 1.0053 | lr 4.93e-06 | GPU 2.88 GB
2026-04-10 12:45:43 | DEBUG    | hf_rubert_baseline |   batch 4700 | loss 1.2351 | lr 5.01e-06 | GPU 2.88 GB
2026-04-10 12:45:49 | DEBUG    | hf_rubert_baseline |   batch 4750 | loss 0.8554 | lr 5.09e-06 | GPU 2.87 GB
2026-04-10 12:45:55 | DEBUG    | hf_rubert_baseline |   batch 4800 | loss 0.7407 | lr 5.17e-06 | GPU 2.88 GB
2026-04-10 12:46:02 | DEBUG    | hf_rubert_baseline |   batch 4850 | loss 0.6069 | lr 5.26e-06 | GPU 2.88 GB
2026-04-10 12:46:08 | DEBUG    | hf_rubert_baseline |   batch 4900 | loss 1.1835 | lr 5.34e-06 | GPU 2.87 GB
2026-04-10 12:46:14 | DEBUG    | hf_rubert_baseline |   batch 4950 | loss 1.1208 | lr 5.43e-06 | GPU 2.88 GB
2026-04-10 12:46:21 | DEBUG    | hf_rubert_baseline |   batch 5000 | loss 1.0398 | lr 5.51e-06 | GPU 2.88 GB
2026-04-10 12:46:27 | DEBUG    | hf_rubert_baseline |   batch 5050 | loss 0.6541 | lr 5.60e-06 | GPU 2.88 GB
2026-04-10 12:48:44 | INFO     | hf_rubert_baseline | Epoch 1/30 | train_loss 1.0606 | val_loss 0.9014 | train_UA 0.5324 | val_UA 0.6133 | val_F1 0.4956 | time 782.2s | ETA 22683.0s
2026-04-10 12:49:01 | DEBUG    | hf_rubert_baseline |   batch 50 | loss 0.6137 | lr 5.69e-06 | GPU 2.87 GB
2026-04-10 12:49:08 | DEBUG    | hf_rubert_baseline |   batch 100 | loss 0.9754 | lr 5.77e-06 | GPU 2.88 GB
2026-04-10 12:49:15 | DEBUG    | hf_rubert_baseline |   batch 150 | loss 0.6792 | lr 5.86e-06 | GPU 2.88 GB
2026-04-10 12:49:21 | DEBUG    | hf_rubert_baseline |   batch 200 | loss 0.8673 | lr 5.95e-06 | GPU 2.88 GB
2026-04-10 12:49:28 | DEBUG    | hf_rubert_baseline |   batch 250 | loss 1.2023 | lr 6.04e-06 | GPU 2.87 GB
2026-04-10 12:49:34 | DEBUG    | hf_rubert_baseline |   batch 300 | loss 0.6851 | lr 6.13e-06 | GPU 2.88 GB
2026-04-10 12:49:41 | DEBUG    | hf_rubert_baseline |   batch 350 | loss 0.7786 | lr 6.22e-06 | GPU 2.87 GB
2026-04-10 12:49:48 | DEBUG    | hf_rubert_baseline |   batch 400 | loss 1.1163 | lr 6.31e-06 | GPU 2.88 GB
2026-04-10 12:49:54 | DEBUG    | hf_rubert_baseline |   batch 450 | loss 0.6696 | lr 6.40e-06 | GPU 2.88 GB
2026-04-10 12:50:00 | DEBUG    | hf_rubert_baseline |   batch 500 | loss 0.9702 | lr 6.49e-06 | GPU 2.88 GB
2026-04-10 12:50:06 | DEBUG    | hf_rubert_baseline |   batch 550 | loss 0.9947 | lr 6.58e-06 | GPU 2.87 GB
2026-04-10 12:50:11 | DEBUG    | hf_rubert_baseline |   batch 600 | loss 0.5592 | lr 6.67e-06 | GPU 2.88 GB
2026-04-10 12:50:17 | DEBUG    | hf_rubert_baseline |   batch 650 | loss 0.6583 | lr 6.76e-06 | GPU 2.87 GB
2026-04-10 12:50:23 | DEBUG    | hf_rubert_baseline |   batch 700 | loss 1.1211 | lr 6.85e-06 | GPU 2.88 GB
2026-04-10 12:50:31 | DEBUG    | hf_rubert_baseline |   batch 750 | loss 1.1504 | lr 6.95e-06 | GPU 2.87 GB
2026-04-10 12:50:38 | DEBUG    | hf_rubert_baseline |   batch 800 | loss 1.3346 | lr 7.04e-06 | GPU 2.88 GB
2026-04-10 12:50:45 | DEBUG    | hf_rubert_baseline |   batch 850 | loss 0.8646 | lr 7.13e-06 | GPU 2.88 GB
2026-04-10 12:50:52 | DEBUG    | hf_rubert_baseline |   batch 900 | loss 0.9548 | lr 7.23e-06 | GPU 2.87 GB
2026-04-10 12:50:59 | DEBUG    | hf_rubert_baseline |   batch 950 | loss 0.8085 | lr 7.32e-06 | GPU 2.88 GB
2026-04-10 12:51:05 | DEBUG    | hf_rubert_baseline |   batch 1000 | loss 0.7169 | lr 7.41e-06 | GPU 2.87 GB
2026-04-10 12:51:11 | DEBUG    | hf_rubert_baseline |   batch 1050 | loss 0.9552 | lr 7.51e-06 | GPU 2.88 GB
2026-04-10 12:51:17 | DEBUG    | hf_rubert_baseline |   batch 1100 | loss 0.8026 | lr 7.60e-06 | GPU 2.88 GB
2026-04-10 12:51:24 | DEBUG    | hf_rubert_baseline |   batch 1150 | loss 0.8883 | lr 7.70e-06 | GPU 2.88 GB
2026-04-10 12:51:30 | DEBUG    | hf_rubert_baseline |   batch 1200 | loss 0.9078 | lr 7.80e-06 | GPU 2.88 GB
2026-04-10 12:51:35 | DEBUG    | hf_rubert_baseline |   batch 1250 | loss 1.0740 | lr 7.89e-06 | GPU 2.88 GB
2026-04-10 12:51:41 | DEBUG    | hf_rubert_baseline |   batch 1300 | loss 0.8435 | lr 7.99e-06 | GPU 2.88 GB
2026-04-10 12:51:47 | DEBUG    | hf_rubert_baseline |   batch 1350 | loss 0.8342 | lr 8.08e-06 | GPU 2.88 GB
2026-04-10 12:51:52 | DEBUG    | hf_rubert_baseline |   batch 1400 | loss 0.9669 | lr 8.18e-06 | GPU 2.88 GB
2026-04-10 12:51:58 | DEBUG    | hf_rubert_baseline |   batch 1450 | loss 0.6874 | lr 8.28e-06 | GPU 2.87 GB
2026-04-10 12:52:04 | DEBUG    | hf_rubert_baseline |   batch 1500 | loss 0.6462 | lr 8.38e-06 | GPU 2.87 GB
2026-04-10 12:52:10 | DEBUG    | hf_rubert_baseline |   batch 1550 | loss 0.7725 | lr 8.47e-06 | GPU 2.88 GB
2026-04-10 12:52:15 | DEBUG    | hf_rubert_baseline |   batch 1600 | loss 0.9564 | lr 8.57e-06 | GPU 2.88 GB
2026-04-10 12:52:21 | DEBUG    | hf_rubert_baseline |   batch 1650 | loss 1.1551 | lr 8.67e-06 | GPU 2.87 GB
2026-04-10 12:52:27 | DEBUG    | hf_rubert_baseline |   batch 1700 | loss 0.7953 | lr 8.77e-06 | GPU 2.88 GB
2026-04-10 12:52:32 | DEBUG    | hf_rubert_baseline |   batch 1750 | loss 0.6637 | lr 8.86e-06 | GPU 2.88 GB
2026-04-10 12:52:37 | DEBUG    | hf_rubert_baseline |   batch 1800 | loss 0.7167 | lr 8.96e-06 | GPU 2.88 GB
2026-04-10 12:52:43 | DEBUG    | hf_rubert_baseline |   batch 1850 | loss 0.9885 | lr 9.06e-06 | GPU 2.88 GB
2026-04-10 12:52:49 | DEBUG    | hf_rubert_baseline |   batch 1900 | loss 1.4019 | lr 9.16e-06 | GPU 2.88 GB
2026-04-10 12:52:54 | DEBUG    | hf_rubert_baseline |   batch 1950 | loss 1.0569 | lr 9.26e-06 | GPU 2.88 GB
2026-04-10 12:53:00 | DEBUG    | hf_rubert_baseline |   batch 2000 | loss 0.8092 | lr 9.36e-06 | GPU 2.88 GB
2026-04-10 12:53:05 | DEBUG    | hf_rubert_baseline |   batch 2050 | loss 0.7212 | lr 9.46e-06 | GPU 2.88 GB
2026-04-10 12:53:10 | DEBUG    | hf_rubert_baseline |   batch 2100 | loss 0.7460 | lr 9.56e-06 | GPU 2.88 GB
2026-04-10 12:53:15 | DEBUG    | hf_rubert_baseline |   batch 2150 | loss 0.8639 | lr 9.65e-06 | GPU 2.87 GB
2026-04-10 12:53:21 | DEBUG    | hf_rubert_baseline |   batch 2200 | loss 0.7373 | lr 9.75e-06 | GPU 2.88 GB
2026-04-10 12:53:28 | DEBUG    | hf_rubert_baseline |   batch 2250 | loss 1.2941 | lr 9.85e-06 | GPU 2.88 GB
2026-04-10 12:53:35 | DEBUG    | hf_rubert_baseline |   batch 2300 | loss 0.7884 | lr 9.95e-06 | GPU 2.88 GB
2026-04-10 12:53:40 | DEBUG    | hf_rubert_baseline |   batch 2350 | loss 1.0433 | lr 1.01e-05 | GPU 2.88 GB
2026-04-10 12:53:47 | DEBUG    | hf_rubert_baseline |   batch 2400 | loss 1.0636 | lr 1.02e-05 | GPU 2.88 GB
2026-04-10 12:53:53 | DEBUG    | hf_rubert_baseline |   batch 2450 | loss 0.4598 | lr 1.03e-05 | GPU 2.87 GB
2026-04-10 12:53:59 | DEBUG    | hf_rubert_baseline |   batch 2500 | loss 0.9768 | lr 1.04e-05 | GPU 2.87 GB
2026-04-10 12:54:05 | DEBUG    | hf_rubert_baseline |   batch 2550 | loss 1.3878 | lr 1.04e-05 | GPU 2.87 GB
2026-04-10 12:54:11 | DEBUG    | hf_rubert_baseline |   batch 2600 | loss 0.8617 | lr 1.05e-05 | GPU 2.88 GB
2026-04-10 12:54:16 | DEBUG    | hf_rubert_baseline |   batch 2650 | loss 0.4642 | lr 1.06e-05 | GPU 2.87 GB
2026-04-10 12:54:22 | DEBUG    | hf_rubert_baseline |   batch 2700 | loss 0.9141 | lr 1.07e-05 | GPU 2.88 GB
2026-04-10 12:54:27 | DEBUG    | hf_rubert_baseline |   batch 2750 | loss 1.1104 | lr 1.08e-05 | GPU 2.87 GB
2026-04-10 12:54:32 | DEBUG    | hf_rubert_baseline |   batch 2800 | loss 0.7468 | lr 1.09e-05 | GPU 2.87 GB
2026-04-10 12:54:37 | DEBUG    | hf_rubert_baseline |   batch 2850 | loss 0.7453 | lr 1.10e-05 | GPU 2.87 GB
2026-04-10 12:54:43 | DEBUG    | hf_rubert_baseline |   batch 2900 | loss 0.6153 | lr 1.11e-05 | GPU 2.88 GB
2026-04-10 12:54:49 | DEBUG    | hf_rubert_baseline |   batch 2950 | loss 0.6736 | lr 1.12e-05 | GPU 2.88 GB
2026-04-10 12:54:55 | DEBUG    | hf_rubert_baseline |   batch 3000 | loss 1.3120 | lr 1.13e-05 | GPU 2.88 GB
2026-04-10 12:55:01 | DEBUG    | hf_rubert_baseline |   batch 3050 | loss 1.0021 | lr 1.14e-05 | GPU 2.88 GB
2026-04-10 12:55:07 | DEBUG    | hf_rubert_baseline |   batch 3100 | loss 1.2153 | lr 1.15e-05 | GPU 2.87 GB
2026-04-10 12:55:14 | DEBUG    | hf_rubert_baseline |   batch 3150 | loss 0.5728 | lr 1.16e-05 | GPU 2.88 GB
2026-04-10 12:55:19 | DEBUG    | hf_rubert_baseline |   batch 3200 | loss 0.8708 | lr 1.17e-05 | GPU 2.88 GB
2026-04-10 12:55:25 | DEBUG    | hf_rubert_baseline |   batch 3250 | loss 1.3609 | lr 1.18e-05 | GPU 2.88 GB
2026-04-10 12:55:31 | DEBUG    | hf_rubert_baseline |   batch 3300 | loss 0.7908 | lr 1.19e-05 | GPU 2.87 GB
2026-04-10 12:55:37 | DEBUG    | hf_rubert_baseline |   batch 3350 | loss 1.1114 | lr 1.20e-05 | GPU 2.88 GB
2026-04-10 12:55:44 | DEBUG    | hf_rubert_baseline |   batch 3400 | loss 1.0551 | lr 1.21e-05 | GPU 2.88 GB
2026-04-10 12:55:50 | DEBUG    | hf_rubert_baseline |   batch 3450 | loss 0.6856 | lr 1.22e-05 | GPU 2.88 GB
2026-04-10 12:55:55 | DEBUG    | hf_rubert_baseline |   batch 3500 | loss 0.9251 | lr 1.23e-05 | GPU 2.88 GB
2026-04-10 12:56:01 | DEBUG    | hf_rubert_baseline |   batch 3550 | loss 1.3983 | lr 1.24e-05 | GPU 2.88 GB
2026-04-10 12:56:07 | DEBUG    | hf_rubert_baseline |   batch 3600 | loss 0.9957 | lr 1.25e-05 | GPU 2.87 GB
2026-04-10 12:56:13 | DEBUG    | hf_rubert_baseline |   batch 3650 | loss 1.0654 | lr 1.26e-05 | GPU 2.88 GB
2026-04-10 12:56:19 | DEBUG    | hf_rubert_baseline |   batch 3700 | loss 1.1283 | lr 1.27e-05 | GPU 2.88 GB
2026-04-10 12:56:25 | DEBUG    | hf_rubert_baseline |   batch 3750 | loss 0.7010 | lr 1.28e-05 | GPU 2.87 GB
2026-04-10 12:56:31 | DEBUG    | hf_rubert_baseline |   batch 3800 | loss 0.9589 | lr 1.29e-05 | GPU 2.88 GB
2026-04-10 12:56:37 | DEBUG    | hf_rubert_baseline |   batch 3850 | loss 1.0385 | lr 1.30e-05 | GPU 2.89 GB
2026-04-10 12:56:44 | DEBUG    | hf_rubert_baseline |   batch 3900 | loss 0.8059 | lr 1.31e-05 | GPU 2.88 GB
2026-04-10 12:56:49 | DEBUG    | hf_rubert_baseline |   batch 3950 | loss 0.7998 | lr 1.32e-05 | GPU 2.88 GB
2026-04-10 12:56:55 | DEBUG    | hf_rubert_baseline |   batch 4000 | loss 0.8080 | lr 1.33e-05 | GPU 2.88 GB
2026-04-10 12:57:01 | DEBUG    | hf_rubert_baseline |   batch 4050 | loss 0.9922 | lr 1.34e-05 | GPU 2.88 GB
2026-04-10 12:57:08 | DEBUG    | hf_rubert_baseline |   batch 4100 | loss 0.6985 | lr 1.35e-05 | GPU 2.88 GB
2026-04-10 12:57:14 | DEBUG    | hf_rubert_baseline |   batch 4150 | loss 1.0144 | lr 1.36e-05 | GPU 2.87 GB
2026-04-10 12:57:20 | DEBUG    | hf_rubert_baseline |   batch 4200 | loss 1.0525 | lr 1.37e-05 | GPU 2.88 GB
2026-04-10 12:57:27 | DEBUG    | hf_rubert_baseline |   batch 4250 | loss 1.0780 | lr 1.38e-05 | GPU 2.88 GB
2026-04-10 12:57:33 | DEBUG    | hf_rubert_baseline |   batch 4300 | loss 1.5151 | lr 1.39e-05 | GPU 2.88 GB
2026-04-10 12:57:39 | DEBUG    | hf_rubert_baseline |   batch 4350 | loss 0.6992 | lr 1.39e-05 | GPU 2.88 GB
2026-04-10 12:57:45 | DEBUG    | hf_rubert_baseline |   batch 4400 | loss 0.5044 | lr 1.40e-05 | GPU 2.88 GB
2026-04-10 12:57:51 | DEBUG    | hf_rubert_baseline |   batch 4450 | loss 0.9329 | lr 1.41e-05 | GPU 2.88 GB
2026-04-10 12:57:56 | DEBUG    | hf_rubert_baseline |   batch 4500 | loss 0.8827 | lr 1.42e-05 | GPU 2.88 GB
2026-04-10 12:58:01 | DEBUG    | hf_rubert_baseline |   batch 4550 | loss 1.2236 | lr 1.43e-05 | GPU 2.88 GB
2026-04-10 12:58:07 | DEBUG    | hf_rubert_baseline |   batch 4600 | loss 1.1668 | lr 1.44e-05 | GPU 2.88 GB
2026-04-10 12:58:11 | DEBUG    | hf_rubert_baseline |   batch 4650 | loss 0.9979 | lr 1.45e-05 | GPU 2.88 GB
2026-04-10 12:58:16 | DEBUG    | hf_rubert_baseline |   batch 4700 | loss 1.3018 | lr 1.46e-05 | GPU 2.88 GB
2026-04-10 12:58:21 | DEBUG    | hf_rubert_baseline |   batch 4750 | loss 0.7945 | lr 1.47e-05 | GPU 2.88 GB
2026-04-10 12:58:26 | DEBUG    | hf_rubert_baseline |   batch 4800 | loss 0.8597 | lr 1.48e-05 | GPU 2.88 GB
2026-04-10 12:58:31 | DEBUG    | hf_rubert_baseline |   batch 4850 | loss 0.8162 | lr 1.49e-05 | GPU 2.88 GB
2026-04-10 12:58:37 | DEBUG    | hf_rubert_baseline |   batch 4900 | loss 0.9231 | lr 1.49e-05 | GPU 2.88 GB
2026-04-10 12:58:42 | DEBUG    | hf_rubert_baseline |   batch 4950 | loss 1.0618 | lr 1.50e-05 | GPU 2.88 GB
2026-04-10 12:58:48 | DEBUG    | hf_rubert_baseline |   batch 5000 | loss 0.8369 | lr 1.51e-05 | GPU 2.88 GB
2026-04-10 12:58:53 | DEBUG    | hf_rubert_baseline |   batch 5050 | loss 0.5650 | lr 1.52e-05 | GPU 2.87 GB
2026-04-10 12:59:57 | INFO     | hf_rubert_baseline | Epoch 2/30 | train_loss 0.8774 | val_loss 0.8607 | train_UA 0.6238 | val_UA 0.6330 | val_F1 0.5305 | time 664.6s | ETA 20382.1s
2026-04-10 13:00:23 | DEBUG    | hf_rubert_baseline |   batch 50 | loss 0.5244 | lr 1.53e-05 | GPU 2.88 GB
2026-04-10 13:00:29 | DEBUG    | hf_rubert_baseline |   batch 100 | loss 0.6209 | lr 1.54e-05 | GPU 2.88 GB
2026-04-10 13:00:34 | DEBUG    | hf_rubert_baseline |   batch 150 | loss 0.7312 | lr 1.55e-05 | GPU 2.88 GB
2026-04-10 13:00:40 | DEBUG    | hf_rubert_baseline |   batch 200 | loss 0.5988 | lr 1.55e-05 | GPU 2.88 GB
2026-04-10 13:00:46 | DEBUG    | hf_rubert_baseline |   batch 250 | loss 0.5461 | lr 1.56e-05 | GPU 2.87 GB
2026-04-10 13:00:51 | DEBUG    | hf_rubert_baseline |   batch 300 | loss 0.5430 | lr 1.57e-05 | GPU 2.88 GB
2026-04-10 13:00:57 | DEBUG    | hf_rubert_baseline |   batch 350 | loss 0.7102 | lr 1.58e-05 | GPU 2.87 GB
2026-04-10 13:01:02 | DEBUG    | hf_rubert_baseline |   batch 400 | loss 1.1553 | lr 1.59e-05 | GPU 2.88 GB
2026-04-10 13:01:09 | DEBUG    | hf_rubert_baseline |   batch 450 | loss 0.8715 | lr 1.60e-05 | GPU 2.88 GB
2026-04-10 13:01:16 | DEBUG    | hf_rubert_baseline |   batch 500 | loss 0.5998 | lr 1.60e-05 | GPU 2.87 GB
2026-04-10 13:01:23 | DEBUG    | hf_rubert_baseline |   batch 550 | loss 0.6467 | lr 1.61e-05 | GPU 2.88 GB
2026-04-10 13:01:30 | DEBUG    | hf_rubert_baseline |   batch 600 | loss 0.4493 | lr 1.62e-05 | GPU 2.88 GB
2026-04-10 13:01:37 | DEBUG    | hf_rubert_baseline |   batch 650 | loss 0.7474 | lr 1.63e-05 | GPU 2.88 GB
2026-04-10 13:01:44 | DEBUG    | hf_rubert_baseline |   batch 700 | loss 0.7107 | lr 1.64e-05 | GPU 2.89 GB
2026-04-10 13:01:52 | DEBUG    | hf_rubert_baseline |   batch 750 | loss 0.7112 | lr 1.64e-05 | GPU 2.88 GB
2026-04-10 13:01:59 | DEBUG    | hf_rubert_baseline |   batch 800 | loss 0.5603 | lr 1.65e-05 | GPU 2.88 GB
2026-04-10 13:02:06 | DEBUG    | hf_rubert_baseline |   batch 850 | loss 0.9811 | lr 1.66e-05 | GPU 2.88 GB
2026-04-10 13:02:13 | DEBUG    | hf_rubert_baseline |   batch 900 | loss 0.5077 | lr 1.67e-05 | GPU 2.88 GB
2026-04-10 13:02:20 | DEBUG    | hf_rubert_baseline |   batch 950 | loss 0.7711 | lr 1.67e-05 | GPU 2.88 GB
2026-04-10 13:02:28 | DEBUG    | hf_rubert_baseline |   batch 1000 | loss 0.7225 | lr 1.68e-05 | GPU 2.88 GB
2026-04-10 13:02:35 | DEBUG    | hf_rubert_baseline |   batch 1050 | loss 0.5378 | lr 1.69e-05 | GPU 2.88 GB
2026-04-10 13:02:42 | DEBUG    | hf_rubert_baseline |   batch 1100 | loss 1.0413 | lr 1.70e-05 | GPU 2.87 GB
2026-04-10 13:02:49 | DEBUG    | hf_rubert_baseline |   batch 1150 | loss 0.7362 | lr 1.70e-05 | GPU 2.87 GB
2026-04-10 13:02:56 | DEBUG    | hf_rubert_baseline |   batch 1200 | loss 1.0257 | lr 1.71e-05 | GPU 2.88 GB
2026-04-10 13:03:03 | DEBUG    | hf_rubert_baseline |   batch 1250 | loss 0.8517 | lr 1.72e-05 | GPU 2.87 GB
2026-04-10 13:03:11 | DEBUG    | hf_rubert_baseline |   batch 1300 | loss 0.7380 | lr 1.72e-05 | GPU 2.88 GB
2026-04-10 13:03:18 | DEBUG    | hf_rubert_baseline |   batch 1350 | loss 0.9617 | lr 1.73e-05 | GPU 2.88 GB
2026-04-10 13:03:25 | DEBUG    | hf_rubert_baseline |   batch 1400 | loss 0.9683 | lr 1.74e-05 | GPU 2.88 GB
2026-04-10 13:03:33 | DEBUG    | hf_rubert_baseline |   batch 1450 | loss 0.7851 | lr 1.74e-05 | GPU 2.88 GB
2026-04-10 13:03:40 | DEBUG    | hf_rubert_baseline |   batch 1500 | loss 0.7867 | lr 1.75e-05 | GPU 2.88 GB
2026-04-10 13:03:47 | DEBUG    | hf_rubert_baseline |   batch 1550 | loss 1.0165 | lr 1.76e-05 | GPU 2.88 GB
2026-04-10 13:03:54 | DEBUG    | hf_rubert_baseline |   batch 1600 | loss 0.9632 | lr 1.76e-05 | GPU 2.88 GB
2026-04-10 13:04:01 | DEBUG    | hf_rubert_baseline |   batch 1650 | loss 0.5050 | lr 1.77e-05 | GPU 2.88 GB
2026-04-10 13:04:09 | DEBUG    | hf_rubert_baseline |   batch 1700 | loss 1.2268 | lr 1.78e-05 | GPU 2.88 GB
2026-04-10 13:04:16 | DEBUG    | hf_rubert_baseline |   batch 1750 | loss 0.6863 | lr 1.78e-05 | GPU 2.88 GB
2026-04-10 13:04:23 | DEBUG    | hf_rubert_baseline |   batch 1800 | loss 0.7135 | lr 1.79e-05 | GPU 2.88 GB
2026-04-10 13:04:30 | DEBUG    | hf_rubert_baseline |   batch 1850 | loss 0.9185 | lr 1.80e-05 | GPU 2.88 GB
2026-04-10 13:04:37 | DEBUG    | hf_rubert_baseline |   batch 1900 | loss 0.9180 | lr 1.80e-05 | GPU 2.88 GB
2026-04-10 13:04:44 | DEBUG    | hf_rubert_baseline |   batch 1950 | loss 0.6474 | lr 1.81e-05 | GPU 2.88 GB
2026-04-10 13:04:52 | DEBUG    | hf_rubert_baseline |   batch 2000 | loss 0.6373 | lr 1.81e-05 | GPU 2.88 GB
2026-04-10 13:04:59 | DEBUG    | hf_rubert_baseline |   batch 2050 | loss 0.7133 | lr 1.82e-05 | GPU 2.88 GB
2026-04-10 13:05:06 | DEBUG    | hf_rubert_baseline |   batch 2100 | loss 1.1353 | lr 1.83e-05 | GPU 2.88 GB
2026-04-10 13:05:13 | DEBUG    | hf_rubert_baseline |   batch 2150 | loss 0.4949 | lr 1.83e-05 | GPU 2.88 GB
2026-04-10 13:05:20 | DEBUG    | hf_rubert_baseline |   batch 2200 | loss 0.4844 | lr 1.84e-05 | GPU 2.88 GB
2026-04-10 13:05:27 | DEBUG    | hf_rubert_baseline |   batch 2250 | loss 0.5918 | lr 1.84e-05 | GPU 2.88 GB
2026-04-10 13:05:33 | DEBUG    | hf_rubert_baseline |   batch 2300 | loss 0.9327 | lr 1.85e-05 | GPU 2.88 GB
2026-04-10 13:05:39 | DEBUG    | hf_rubert_baseline |   batch 2350 | loss 1.0517 | lr 1.85e-05 | GPU 2.88 GB
2026-04-10 13:05:46 | DEBUG    | hf_rubert_baseline |   batch 2400 | loss 1.1777 | lr 1.86e-05 | GPU 2.88 GB
2026-04-10 13:05:52 | DEBUG    | hf_rubert_baseline |   batch 2450 | loss 0.8741 | lr 1.86e-05 | GPU 2.88 GB
2026-04-10 13:06:01 | DEBUG    | hf_rubert_baseline |   batch 2500 | loss 1.0690 | lr 1.87e-05 | GPU 2.88 GB
2026-04-10 13:06:08 | DEBUG    | hf_rubert_baseline |   batch 2550 | loss 0.8208 | lr 1.87e-05 | GPU 2.88 GB
2026-04-10 13:06:15 | DEBUG    | hf_rubert_baseline |   batch 2600 | loss 0.7208 | lr 1.88e-05 | GPU 2.88 GB
2026-04-10 13:06:21 | DEBUG    | hf_rubert_baseline |   batch 2650 | loss 0.6718 | lr 1.88e-05 | GPU 2.88 GB
2026-04-10 13:06:28 | DEBUG    | hf_rubert_baseline |   batch 2700 | loss 0.8512 | lr 1.89e-05 | GPU 2.88 GB
2026-04-10 13:06:34 | DEBUG    | hf_rubert_baseline |   batch 2750 | loss 0.5827 | lr 1.89e-05 | GPU 2.87 GB
2026-04-10 13:06:40 | DEBUG    | hf_rubert_baseline |   batch 2800 | loss 0.7408 | lr 1.90e-05 | GPU 2.88 GB
2026-04-10 13:06:46 | DEBUG    | hf_rubert_baseline |   batch 2850 | loss 0.7846 | lr 1.90e-05 | GPU 2.88 GB
2026-04-10 13:06:52 | DEBUG    | hf_rubert_baseline |   batch 2900 | loss 1.0925 | lr 1.91e-05 | GPU 2.88 GB
2026-04-10 13:06:59 | DEBUG    | hf_rubert_baseline |   batch 2950 | loss 1.1207 | lr 1.91e-05 | GPU 2.87 GB
2026-04-10 13:07:06 | DEBUG    | hf_rubert_baseline |   batch 3000 | loss 0.9061 | lr 1.91e-05 | GPU 2.88 GB
2026-04-10 13:07:14 | DEBUG    | hf_rubert_baseline |   batch 3050 | loss 1.0296 | lr 1.92e-05 | GPU 2.88 GB
2026-04-10 13:07:25 | DEBUG    | hf_rubert_baseline |   batch 3100 | loss 0.5210 | lr 1.92e-05 | GPU 2.88 GB
2026-04-10 13:07:36 | DEBUG    | hf_rubert_baseline |   batch 3150 | loss 1.1358 | lr 1.93e-05 | GPU 2.88 GB
2026-04-10 13:07:46 | DEBUG    | hf_rubert_baseline |   batch 3200 | loss 0.7521 | lr 1.93e-05 | GPU 2.88 GB
2026-04-10 13:07:56 | DEBUG    | hf_rubert_baseline |   batch 3250 | loss 0.6125 | lr 1.93e-05 | GPU 2.88 GB
2026-04-10 13:08:06 | DEBUG    | hf_rubert_baseline |   batch 3300 | loss 0.7829 | lr 1.94e-05 | GPU 2.88 GB
2026-04-10 13:08:16 | DEBUG    | hf_rubert_baseline |   batch 3350 | loss 0.5762 | lr 1.94e-05 | GPU 2.88 GB
2026-04-10 13:08:27 | DEBUG    | hf_rubert_baseline |   batch 3400 | loss 1.2657 | lr 1.94e-05 | GPU 2.88 GB
2026-04-10 13:08:37 | DEBUG    | hf_rubert_baseline |   batch 3450 | loss 0.7101 | lr 1.95e-05 | GPU 2.88 GB
2026-04-10 13:08:48 | DEBUG    | hf_rubert_baseline |   batch 3500 | loss 0.5776 | lr 1.95e-05 | GPU 2.87 GB
2026-04-10 13:08:59 | DEBUG    | hf_rubert_baseline |   batch 3550 | loss 0.6244 | lr 1.95e-05 | GPU 2.88 GB
2026-04-10 13:09:10 | DEBUG    | hf_rubert_baseline |   batch 3600 | loss 0.8366 | lr 1.96e-05 | GPU 2.89 GB
2026-04-10 13:09:21 | DEBUG    | hf_rubert_baseline |   batch 3650 | loss 0.7342 | lr 1.96e-05 | GPU 2.87 GB
2026-04-10 13:09:33 | DEBUG    | hf_rubert_baseline |   batch 3700 | loss 0.8145 | lr 1.96e-05 | GPU 2.88 GB
2026-04-10 13:09:44 | DEBUG    | hf_rubert_baseline |   batch 3750 | loss 1.0642 | lr 1.97e-05 | GPU 2.88 GB
2026-04-10 13:09:56 | DEBUG    | hf_rubert_baseline |   batch 3800 | loss 0.5175 | lr 1.97e-05 | GPU 2.88 GB
2026-04-10 13:10:07 | DEBUG    | hf_rubert_baseline |   batch 3850 | loss 0.5863 | lr 1.97e-05 | GPU 2.88 GB
2026-04-10 13:10:18 | DEBUG    | hf_rubert_baseline |   batch 3900 | loss 0.5482 | lr 1.97e-05 | GPU 2.88 GB
2026-04-10 13:10:29 | DEBUG    | hf_rubert_baseline |   batch 3950 | loss 1.2247 | lr 1.98e-05 | GPU 2.88 GB
2026-04-10 13:10:39 | DEBUG    | hf_rubert_baseline |   batch 4000 | loss 0.8306 | lr 1.98e-05 | GPU 2.87 GB
2026-04-10 13:10:50 | DEBUG    | hf_rubert_baseline |   batch 4050 | loss 0.9040 | lr 1.98e-05 | GPU 2.88 GB
2026-04-10 13:11:02 | DEBUG    | hf_rubert_baseline |   batch 4100 | loss 0.7604 | lr 1.98e-05 | GPU 2.87 GB
2026-04-10 13:11:12 | DEBUG    | hf_rubert_baseline |   batch 4150 | loss 1.2004 | lr 1.98e-05 | GPU 2.88 GB
2026-04-10 13:11:21 | DEBUG    | hf_rubert_baseline |   batch 4200 | loss 0.8335 | lr 1.99e-05 | GPU 2.89 GB
2026-04-10 13:11:30 | DEBUG    | hf_rubert_baseline |   batch 4250 | loss 0.5955 | lr 1.99e-05 | GPU 2.87 GB
2026-04-10 13:11:39 | DEBUG    | hf_rubert_baseline |   batch 4300 | loss 0.5662 | lr 1.99e-05 | GPU 2.88 GB
2026-04-10 13:11:48 | DEBUG    | hf_rubert_baseline |   batch 4350 | loss 1.1330 | lr 1.99e-05 | GPU 2.88 GB
2026-04-10 13:11:57 | DEBUG    | hf_rubert_baseline |   batch 4400 | loss 0.9929 | lr 1.99e-05 | GPU 2.88 GB
2026-04-10 13:12:06 | DEBUG    | hf_rubert_baseline |   batch 4450 | loss 0.9364 | lr 1.99e-05 | GPU 2.87 GB
2026-04-10 13:12:14 | DEBUG    | hf_rubert_baseline |   batch 4500 | loss 0.6539 | lr 1.99e-05 | GPU 2.88 GB
2026-04-10 13:12:23 | DEBUG    | hf_rubert_baseline |   batch 4550 | loss 0.7869 | lr 1.99e-05 | GPU 2.88 GB
2026-04-10 13:12:32 | DEBUG    | hf_rubert_baseline |   batch 4600 | loss 0.6098 | lr 2.00e-05 | GPU 2.88 GB
2026-04-10 13:12:41 | DEBUG    | hf_rubert_baseline |   batch 4650 | loss 0.5122 | lr 2.00e-05 | GPU 2.88 GB
2026-04-10 13:12:52 | DEBUG    | hf_rubert_baseline |   batch 4700 | loss 1.4657 | lr 2.00e-05 | GPU 2.87 GB
2026-04-10 13:13:05 | DEBUG    | hf_rubert_baseline |   batch 4750 | loss 0.9393 | lr 2.00e-05 | GPU 2.88 GB
2026-04-10 13:13:17 | DEBUG    | hf_rubert_baseline |   batch 4800 | loss 0.9218 | lr 2.00e-05 | GPU 2.88 GB
2026-04-10 13:13:29 | DEBUG    | hf_rubert_baseline |   batch 4850 | loss 0.6012 | lr 2.00e-05 | GPU 2.88 GB
2026-04-10 13:13:41 | DEBUG    | hf_rubert_baseline |   batch 4900 | loss 0.8760 | lr 2.00e-05 | GPU 2.88 GB
2026-04-10 13:13:53 | DEBUG    | hf_rubert_baseline |   batch 4950 | loss 0.8174 | lr 2.00e-05 | GPU 2.88 GB
2026-04-10 13:14:05 | DEBUG    | hf_rubert_baseline |   batch 5000 | loss 0.9815 | lr 2.00e-05 | GPU 2.87 GB
2026-04-10 13:14:14 | DEBUG    | hf_rubert_baseline |   batch 5050 | loss 0.7062 | lr 2.00e-05 | GPU 2.88 GB
2026-04-10 13:15:16 | INFO     | hf_rubert_baseline | Epoch 3/30 | train_loss 0.8127 | val_loss 0.8643 | train_UA 0.6549 | val_UA 0.6302 | val_F1 0.4974 | time 899.5s | ETA 21369.6s
2026-04-10 13:15:47 | DEBUG    | hf_rubert_baseline |   batch 50 | loss 0.8171 | lr 2.00e-05 | GPU 2.88 GB
2026-04-10 13:16:00 | DEBUG    | hf_rubert_baseline |   batch 100 | loss 0.7677 | lr 2.00e-05 | GPU 2.88 GB
2026-04-10 13:16:15 | DEBUG    | hf_rubert_baseline |   batch 150 | loss 0.5667 | lr 2.00e-05 | GPU 2.88 GB
2026-04-10 13:16:29 | DEBUG    | hf_rubert_baseline |   batch 200 | loss 0.5169 | lr 2.00e-05 | GPU 2.88 GB
2026-04-10 13:16:43 | DEBUG    | hf_rubert_baseline |   batch 250 | loss 0.5919 | lr 2.00e-05 | GPU 2.88 GB
2026-04-10 13:16:57 | DEBUG    | hf_rubert_baseline |   batch 300 | loss 0.4675 | lr 2.00e-05 | GPU 2.88 GB
2026-04-10 13:17:12 | DEBUG    | hf_rubert_baseline |   batch 350 | loss 0.5959 | lr 2.00e-05 | GPU 2.88 GB
2026-04-10 13:17:26 | DEBUG    | hf_rubert_baseline |   batch 400 | loss 0.6634 | lr 2.00e-05 | GPU 2.88 GB
2026-04-10 13:17:40 | DEBUG    | hf_rubert_baseline |   batch 450 | loss 0.8994 | lr 2.00e-05 | GPU 2.88 GB
2026-04-10 13:17:54 | DEBUG    | hf_rubert_baseline |   batch 500 | loss 1.1070 | lr 2.00e-05 | GPU 2.87 GB
2026-04-10 13:18:08 | DEBUG    | hf_rubert_baseline |   batch 550 | loss 0.8360 | lr 2.00e-05 | GPU 2.88 GB
2026-04-10 13:18:23 | DEBUG    | hf_rubert_baseline |   batch 600 | loss 0.8804 | lr 2.00e-05 | GPU 2.88 GB
2026-04-10 13:18:37 | DEBUG    | hf_rubert_baseline |   batch 650 | loss 0.4683 | lr 2.00e-05 | GPU 2.88 GB
2026-04-10 13:18:51 | DEBUG    | hf_rubert_baseline |   batch 700 | loss 0.6463 | lr 2.00e-05 | GPU 2.88 GB
2026-04-10 13:19:05 | DEBUG    | hf_rubert_baseline |   batch 750 | loss 0.4148 | lr 2.00e-05 | GPU 2.88 GB
2026-04-10 13:19:20 | DEBUG    | hf_rubert_baseline |   batch 800 | loss 0.4849 | lr 2.00e-05 | GPU 2.88 GB
2026-04-10 13:19:34 | DEBUG    | hf_rubert_baseline |   batch 850 | loss 0.4647 | lr 2.00e-05 | GPU 2.88 GB
2026-04-10 13:19:43 | DEBUG    | hf_rubert_baseline |   batch 900 | loss 0.5536 | lr 2.00e-05 | GPU 2.88 GB
2026-04-10 13:19:52 | DEBUG    | hf_rubert_baseline |   batch 950 | loss 0.3684 | lr 2.00e-05 | GPU 2.88 GB
2026-04-10 13:20:05 | DEBUG    | hf_rubert_baseline |   batch 1000 | loss 0.6954 | lr 2.00e-05 | GPU 2.88 GB
2026-04-10 13:20:19 | DEBUG    | hf_rubert_baseline |   batch 1050 | loss 0.5617 | lr 2.00e-05 | GPU 2.88 GB
2026-04-10 13:20:32 | DEBUG    | hf_rubert_baseline |   batch 1100 | loss 0.6450 | lr 2.00e-05 | GPU 2.88 GB
2026-04-10 13:20:44 | DEBUG    | hf_rubert_baseline |   batch 1150 | loss 0.5316 | lr 2.00e-05 | GPU 2.88 GB
2026-04-10 13:20:58 | DEBUG    | hf_rubert_baseline |   batch 1200 | loss 0.4492 | lr 2.00e-05 | GPU 2.88 GB
2026-04-10 13:21:10 | DEBUG    | hf_rubert_baseline |   batch 1250 | loss 0.8017 | lr 2.00e-05 | GPU 2.88 GB
2026-04-10 13:21:22 | DEBUG    | hf_rubert_baseline |   batch 1300 | loss 0.9770 | lr 2.00e-05 | GPU 2.87 GB
2026-04-10 13:21:39 | DEBUG    | hf_rubert_baseline |   batch 1350 | loss 0.4468 | lr 2.00e-05 | GPU 2.89 GB
2026-04-10 13:21:55 | DEBUG    | hf_rubert_baseline |   batch 1400 | loss 0.4443 | lr 2.00e-05 | GPU 2.88 GB
2026-04-10 13:22:11 | DEBUG    | hf_rubert_baseline |   batch 1450 | loss 0.7156 | lr 2.00e-05 | GPU 2.87 GB
2026-04-10 13:22:24 | DEBUG    | hf_rubert_baseline |   batch 1500 | loss 0.6979 | lr 2.00e-05 | GPU 2.87 GB
2026-04-10 13:22:38 | DEBUG    | hf_rubert_baseline |   batch 1550 | loss 1.2715 | lr 2.00e-05 | GPU 2.88 GB
2026-04-10 13:22:55 | DEBUG    | hf_rubert_baseline |   batch 1600 | loss 0.7155 | lr 2.00e-05 | GPU 2.88 GB
2026-04-10 13:23:07 | DEBUG    | hf_rubert_baseline |   batch 1650 | loss 0.4747 | lr 2.00e-05 | GPU 2.88 GB
2026-04-10 13:23:18 | DEBUG    | hf_rubert_baseline |   batch 1700 | loss 0.7751 | lr 2.00e-05 | GPU 2.88 GB
2026-04-10 13:23:30 | DEBUG    | hf_rubert_baseline |   batch 1750 | loss 0.9967 | lr 2.00e-05 | GPU 2.88 GB
2026-04-10 13:23:41 | DEBUG    | hf_rubert_baseline |   batch 1800 | loss 0.9912 | lr 2.00e-05 | GPU 2.88 GB
2026-04-10 13:23:49 | DEBUG    | hf_rubert_baseline |   batch 1850 | loss 1.0194 | lr 2.00e-05 | GPU 2.88 GB
2026-04-10 13:23:57 | DEBUG    | hf_rubert_baseline |   batch 1900 | loss 0.7648 | lr 2.00e-05 | GPU 2.88 GB
2026-04-10 13:24:05 | DEBUG    | hf_rubert_baseline |   batch 1950 | loss 0.9074 | lr 2.00e-05 | GPU 2.88 GB
2026-04-10 13:24:13 | DEBUG    | hf_rubert_baseline |   batch 2000 | loss 0.8310 | lr 2.00e-05 | GPU 2.88 GB
2026-04-10 13:24:21 | DEBUG    | hf_rubert_baseline |   batch 2050 | loss 0.4496 | lr 2.00e-05 | GPU 2.88 GB
2026-04-10 13:24:29 | DEBUG    | hf_rubert_baseline |   batch 2100 | loss 0.8239 | lr 2.00e-05 | GPU 2.88 GB
2026-04-10 13:24:37 | DEBUG    | hf_rubert_baseline |   batch 2150 | loss 0.5204 | lr 2.00e-05 | GPU 2.89 GB
2026-04-10 13:24:45 | DEBUG    | hf_rubert_baseline |   batch 2200 | loss 0.5556 | lr 2.00e-05 | GPU 2.88 GB
2026-04-10 13:24:53 | DEBUG    | hf_rubert_baseline |   batch 2250 | loss 0.6583 | lr 2.00e-05 | GPU 2.88 GB
2026-04-10 13:25:03 | DEBUG    | hf_rubert_baseline |   batch 2300 | loss 0.7369 | lr 2.00e-05 | GPU 2.88 GB
2026-04-10 13:25:12 | DEBUG    | hf_rubert_baseline |   batch 2350 | loss 0.8430 | lr 2.00e-05 | GPU 2.88 GB
2026-04-10 13:25:21 | DEBUG    | hf_rubert_baseline |   batch 2400 | loss 0.5398 | lr 2.00e-05 | GPU 2.87 GB
2026-04-10 13:25:30 | DEBUG    | hf_rubert_baseline |   batch 2450 | loss 0.8530 | lr 2.00e-05 | GPU 2.88 GB
2026-04-10 13:25:39 | DEBUG    | hf_rubert_baseline |   batch 2500 | loss 0.4750 | lr 2.00e-05 | GPU 2.88 GB
2026-04-10 13:25:47 | DEBUG    | hf_rubert_baseline |   batch 2550 | loss 0.7334 | lr 2.00e-05 | GPU 2.88 GB
2026-04-10 13:25:56 | DEBUG    | hf_rubert_baseline |   batch 2600 | loss 0.7909 | lr 2.00e-05 | GPU 2.88 GB
2026-04-10 13:26:06 | DEBUG    | hf_rubert_baseline |   batch 2650 | loss 0.7301 | lr 2.00e-05 | GPU 2.88 GB
2026-04-10 13:26:16 | DEBUG    | hf_rubert_baseline |   batch 2700 | loss 0.6513 | lr 2.00e-05 | GPU 2.88 GB
2026-04-10 13:26:31 | DEBUG    | hf_rubert_baseline |   batch 2750 | loss 0.6656 | lr 2.00e-05 | GPU 2.88 GB
2026-04-10 13:26:41 | DEBUG    | hf_rubert_baseline |   batch 2800 | loss 0.6334 | lr 2.00e-05 | GPU 2.88 GB
2026-04-10 13:26:56 | DEBUG    | hf_rubert_baseline |   batch 2850 | loss 0.5329 | lr 2.00e-05 | GPU 2.88 GB
2026-04-10 13:27:11 | DEBUG    | hf_rubert_baseline |   batch 2900 | loss 0.9439 | lr 2.00e-05 | GPU 2.88 GB
2026-04-10 13:27:25 | DEBUG    | hf_rubert_baseline |   batch 2950 | loss 0.5523 | lr 2.00e-05 | GPU 2.88 GB
2026-04-10 13:27:38 | DEBUG    | hf_rubert_baseline |   batch 3000 | loss 0.4925 | lr 2.00e-05 | GPU 2.88 GB
2026-04-10 13:27:50 | DEBUG    | hf_rubert_baseline |   batch 3050 | loss 0.5575 | lr 2.00e-05 | GPU 2.87 GB
2026-04-10 13:28:03 | DEBUG    | hf_rubert_baseline |   batch 3100 | loss 0.7990 | lr 2.00e-05 | GPU 2.88 GB
2026-04-10 13:28:16 | DEBUG    | hf_rubert_baseline |   batch 3150 | loss 0.8222 | lr 2.00e-05 | GPU 2.88 GB
2026-04-10 13:28:28 | DEBUG    | hf_rubert_baseline |   batch 3200 | loss 0.6421 | lr 2.00e-05 | GPU 2.88 GB
2026-04-10 13:28:41 | DEBUG    | hf_rubert_baseline |   batch 3250 | loss 0.8143 | lr 2.00e-05 | GPU 2.88 GB
2026-04-10 13:28:53 | DEBUG    | hf_rubert_baseline |   batch 3300 | loss 0.5960 | lr 2.00e-05 | GPU 2.87 GB
2026-04-10 13:29:06 | DEBUG    | hf_rubert_baseline |   batch 3350 | loss 0.7248 | lr 2.00e-05 | GPU 2.88 GB
2026-04-10 13:29:18 | DEBUG    | hf_rubert_baseline |   batch 3400 | loss 0.5474 | lr 2.00e-05 | GPU 2.88 GB
2026-04-10 13:29:31 | DEBUG    | hf_rubert_baseline |   batch 3450 | loss 0.9006 | lr 2.00e-05 | GPU 2.88 GB
2026-04-10 13:29:44 | DEBUG    | hf_rubert_baseline |   batch 3500 | loss 0.4891 | lr 2.00e-05 | GPU 2.87 GB
2026-04-10 13:29:56 | DEBUG    | hf_rubert_baseline |   batch 3550 | loss 0.7234 | lr 2.00e-05 | GPU 2.88 GB
2026-04-10 13:30:09 | DEBUG    | hf_rubert_baseline |   batch 3600 | loss 0.6852 | lr 2.00e-05 | GPU 2.88 GB
2026-04-10 13:30:21 | DEBUG    | hf_rubert_baseline |   batch 3650 | loss 0.4456 | lr 2.00e-05 | GPU 2.87 GB
2026-04-10 13:30:32 | DEBUG    | hf_rubert_baseline |   batch 3700 | loss 0.7743 | lr 2.00e-05 | GPU 2.87 GB
2026-04-10 13:30:44 | DEBUG    | hf_rubert_baseline |   batch 3750 | loss 0.7344 | lr 2.00e-05 | GPU 2.88 GB
2026-04-10 13:30:56 | DEBUG    | hf_rubert_baseline |   batch 3800 | loss 0.3783 | lr 2.00e-05 | GPU 2.88 GB
2026-04-10 13:31:09 | DEBUG    | hf_rubert_baseline |   batch 3850 | loss 0.6993 | lr 2.00e-05 | GPU 2.88 GB
2026-04-10 13:31:21 | DEBUG    | hf_rubert_baseline |   batch 3900 | loss 0.9147 | lr 2.00e-05 | GPU 2.88 GB
2026-04-10 13:31:32 | DEBUG    | hf_rubert_baseline |   batch 3950 | loss 0.6003 | lr 2.00e-05 | GPU 2.88 GB
2026-04-10 13:31:44 | DEBUG    | hf_rubert_baseline |   batch 4000 | loss 0.5407 | lr 2.00e-05 | GPU 2.88 GB
2026-04-10 13:31:55 | DEBUG    | hf_rubert_baseline |   batch 4050 | loss 1.0844 | lr 2.00e-05 | GPU 2.88 GB
2026-04-10 13:32:07 | DEBUG    | hf_rubert_baseline |   batch 4100 | loss 0.9421 | lr 2.00e-05 | GPU 2.88 GB
2026-04-10 13:32:20 | DEBUG    | hf_rubert_baseline |   batch 4150 | loss 0.4475 | lr 2.00e-05 | GPU 2.88 GB
2026-04-10 13:32:33 | DEBUG    | hf_rubert_baseline |   batch 4200 | loss 0.6209 | lr 2.00e-05 | GPU 2.87 GB
2026-04-10 13:32:44 | DEBUG    | hf_rubert_baseline |   batch 4250 | loss 0.5854 | lr 2.00e-05 | GPU 2.88 GB
2026-04-10 13:32:55 | DEBUG    | hf_rubert_baseline |   batch 4300 | loss 0.8458 | lr 2.00e-05 | GPU 2.88 GB
2026-04-10 13:33:07 | DEBUG    | hf_rubert_baseline |   batch 4350 | loss 0.4444 | lr 1.99e-05 | GPU 2.88 GB
2026-04-10 13:33:21 | DEBUG    | hf_rubert_baseline |   batch 4400 | loss 1.1377 | lr 1.99e-05 | GPU 2.88 GB
2026-04-10 13:33:37 | DEBUG    | hf_rubert_baseline |   batch 4450 | loss 0.4896 | lr 1.99e-05 | GPU 2.88 GB
2026-04-10 13:33:51 | DEBUG    | hf_rubert_baseline |   batch 4500 | loss 0.3515 | lr 1.99e-05 | GPU 2.88 GB
2026-04-10 13:34:03 | DEBUG    | hf_rubert_baseline |   batch 4550 | loss 1.0163 | lr 1.99e-05 | GPU 2.88 GB
2026-04-10 13:34:15 | DEBUG    | hf_rubert_baseline |   batch 4600 | loss 0.9770 | lr 1.99e-05 | GPU 2.88 GB
2026-04-10 13:34:26 | DEBUG    | hf_rubert_baseline |   batch 4650 | loss 0.9879 | lr 1.99e-05 | GPU 2.88 GB
2026-04-10 13:34:34 | DEBUG    | hf_rubert_baseline |   batch 4700 | loss 0.7271 | lr 1.99e-05 | GPU 2.88 GB
2026-04-10 13:34:42 | DEBUG    | hf_rubert_baseline |   batch 4750 | loss 0.6225 | lr 1.99e-05 | GPU 2.88 GB
2026-04-10 13:34:50 | DEBUG    | hf_rubert_baseline |   batch 4800 | loss 0.9936 | lr 1.99e-05 | GPU 2.88 GB
2026-04-10 13:34:58 | DEBUG    | hf_rubert_baseline |   batch 4850 | loss 0.9014 | lr 1.99e-05 | GPU 2.88 GB
2026-04-10 13:35:10 | DEBUG    | hf_rubert_baseline |   batch 4900 | loss 0.5380 | lr 1.99e-05 | GPU 2.88 GB
2026-04-10 13:35:18 | DEBUG    | hf_rubert_baseline |   batch 4950 | loss 0.8652 | lr 1.99e-05 | GPU 2.88 GB
2026-04-10 13:35:27 | DEBUG    | hf_rubert_baseline |   batch 5000 | loss 0.7129 | lr 1.99e-05 | GPU 2.87 GB
2026-04-10 13:35:38 | DEBUG    | hf_rubert_baseline |   batch 5050 | loss 0.6411 | lr 1.99e-05 | GPU 2.88 GB
2026-04-10 13:36:17 | INFO     | hf_rubert_baseline | Epoch 4/30 | train_loss 0.7409 | val_loss 0.9156 | train_UA 0.6894 | val_UA 0.6287 | val_F1 0.5169 | time 1245.4s | ETA 23631.5s
2026-04-10 13:36:44 | DEBUG    | hf_rubert_baseline |   batch 50 | loss 0.5173 | lr 1.99e-05 | GPU 2.88 GB
2026-04-10 13:36:53 | DEBUG    | hf_rubert_baseline |   batch 100 | loss 0.7826 | lr 1.99e-05 | GPU 2.88 GB
2026-04-10 13:37:03 | DEBUG    | hf_rubert_baseline |   batch 150 | loss 1.4702 | lr 1.99e-05 | GPU 2.88 GB
2026-04-10 13:37:11 | DEBUG    | hf_rubert_baseline |   batch 200 | loss 0.6297 | lr 1.99e-05 | GPU 2.88 GB
2026-04-10 13:37:23 | DEBUG    | hf_rubert_baseline |   batch 250 | loss 0.6039 | lr 1.99e-05 | GPU 2.88 GB
2026-04-10 13:37:31 | DEBUG    | hf_rubert_baseline |   batch 300 | loss 0.4269 | lr 1.99e-05 | GPU 2.88 GB
2026-04-10 13:37:39 | DEBUG    | hf_rubert_baseline |   batch 350 | loss 0.6165 | lr 1.99e-05 | GPU 2.88 GB
2026-04-10 13:37:47 | DEBUG    | hf_rubert_baseline |   batch 400 | loss 0.7359 | lr 1.99e-05 | GPU 2.87 GB
2026-04-10 13:37:59 | DEBUG    | hf_rubert_baseline |   batch 450 | loss 0.6514 | lr 1.99e-05 | GPU 2.88 GB
2026-04-10 13:38:11 | DEBUG    | hf_rubert_baseline |   batch 500 | loss 0.5258 | lr 1.99e-05 | GPU 2.88 GB
2026-04-10 13:38:24 | DEBUG    | hf_rubert_baseline |   batch 550 | loss 0.4403 | lr 1.99e-05 | GPU 2.88 GB
2026-04-10 13:38:35 | DEBUG    | hf_rubert_baseline |   batch 600 | loss 0.9369 | lr 1.99e-05 | GPU 2.88 GB
2026-04-10 13:38:48 | DEBUG    | hf_rubert_baseline |   batch 650 | loss 0.5018 | lr 1.99e-05 | GPU 2.88 GB
2026-04-10 13:39:03 | DEBUG    | hf_rubert_baseline |   batch 700 | loss 0.4395 | lr 1.99e-05 | GPU 2.88 GB
2026-04-10 13:39:18 | DEBUG    | hf_rubert_baseline |   batch 750 | loss 0.5333 | lr 1.99e-05 | GPU 2.87 GB
2026-04-10 13:39:34 | DEBUG    | hf_rubert_baseline |   batch 800 | loss 0.8448 | lr 1.99e-05 | GPU 2.88 GB
2026-04-10 13:39:49 | DEBUG    | hf_rubert_baseline |   batch 850 | loss 0.4731 | lr 1.99e-05 | GPU 2.88 GB
2026-04-10 13:40:03 | DEBUG    | hf_rubert_baseline |   batch 900 | loss 0.5944 | lr 1.99e-05 | GPU 2.88 GB
2026-04-10 13:40:18 | DEBUG    | hf_rubert_baseline |   batch 950 | loss 0.8367 | lr 1.99e-05 | GPU 2.88 GB
2026-04-10 13:40:30 | DEBUG    | hf_rubert_baseline |   batch 1000 | loss 0.5637 | lr 1.99e-05 | GPU 2.88 GB
2026-04-10 13:40:40 | DEBUG    | hf_rubert_baseline |   batch 1050 | loss 0.3513 | lr 1.99e-05 | GPU 2.89 GB
2026-04-10 13:40:51 | DEBUG    | hf_rubert_baseline |   batch 1100 | loss 0.6628 | lr 1.99e-05 | GPU 2.87 GB
2026-04-10 13:41:05 | DEBUG    | hf_rubert_baseline |   batch 1150 | loss 0.6021 | lr 1.99e-05 | GPU 2.88 GB
2026-04-10 13:41:18 | DEBUG    | hf_rubert_baseline |   batch 1200 | loss 0.6450 | lr 1.99e-05 | GPU 2.87 GB
2026-04-10 13:41:31 | DEBUG    | hf_rubert_baseline |   batch 1250 | loss 0.9928 | lr 1.99e-05 | GPU 2.88 GB
2026-04-10 13:41:43 | DEBUG    | hf_rubert_baseline |   batch 1300 | loss 0.9487 | lr 1.99e-05 | GPU 2.87 GB
2026-04-10 13:41:55 | DEBUG    | hf_rubert_baseline |   batch 1350 | loss 0.8063 | lr 1.99e-05 | GPU 2.87 GB
2026-04-10 13:42:07 | DEBUG    | hf_rubert_baseline |   batch 1400 | loss 0.7185 | lr 1.99e-05 | GPU 2.88 GB
2026-04-10 13:42:19 | DEBUG    | hf_rubert_baseline |   batch 1450 | loss 0.9545 | lr 1.99e-05 | GPU 2.88 GB
2026-04-10 13:42:32 | DEBUG    | hf_rubert_baseline |   batch 1500 | loss 0.5254 | lr 1.99e-05 | GPU 2.88 GB
2026-04-10 13:42:43 | DEBUG    | hf_rubert_baseline |   batch 1550 | loss 0.7117 | lr 1.99e-05 | GPU 2.88 GB
2026-04-10 13:42:55 | DEBUG    | hf_rubert_baseline |   batch 1600 | loss 1.1485 | lr 1.99e-05 | GPU 2.88 GB
2026-04-10 13:43:07 | DEBUG    | hf_rubert_baseline |   batch 1650 | loss 0.4204 | lr 1.99e-05 | GPU 2.88 GB
2026-04-10 13:43:21 | DEBUG    | hf_rubert_baseline |   batch 1700 | loss 0.8645 | lr 1.99e-05 | GPU 2.88 GB
2026-04-10 13:43:31 | DEBUG    | hf_rubert_baseline |   batch 1750 | loss 0.5738 | lr 1.99e-05 | GPU 2.88 GB
2026-04-10 13:43:40 | DEBUG    | hf_rubert_baseline |   batch 1800 | loss 0.3638 | lr 1.99e-05 | GPU 2.88 GB
2026-04-10 13:43:49 | DEBUG    | hf_rubert_baseline |   batch 1850 | loss 0.7323 | lr 1.99e-05 | GPU 2.88 GB
2026-04-10 13:43:58 | DEBUG    | hf_rubert_baseline |   batch 1900 | loss 0.4417 | lr 1.99e-05 | GPU 2.88 GB
2026-04-10 13:44:10 | DEBUG    | hf_rubert_baseline |   batch 1950 | loss 0.6299 | lr 1.99e-05 | GPU 2.88 GB
2026-04-10 13:44:22 | DEBUG    | hf_rubert_baseline |   batch 2000 | loss 0.5290 | lr 1.99e-05 | GPU 2.87 GB
2026-04-10 13:44:33 | DEBUG    | hf_rubert_baseline |   batch 2050 | loss 0.4481 | lr 1.99e-05 | GPU 2.88 GB
2026-04-10 13:44:45 | DEBUG    | hf_rubert_baseline |   batch 2100 | loss 0.5617 | lr 1.99e-05 | GPU 2.88 GB
2026-04-10 13:44:57 | DEBUG    | hf_rubert_baseline |   batch 2150 | loss 0.5790 | lr 1.99e-05 | GPU 2.88 GB
2026-04-10 13:45:09 | DEBUG    | hf_rubert_baseline |   batch 2200 | loss 0.4735 | lr 1.99e-05 | GPU 2.88 GB
2026-04-10 13:45:18 | DEBUG    | hf_rubert_baseline |   batch 2250 | loss 1.0276 | lr 1.99e-05 | GPU 2.88 GB
2026-04-10 13:45:28 | DEBUG    | hf_rubert_baseline |   batch 2300 | loss 0.3916 | lr 1.99e-05 | GPU 2.88 GB
2026-04-10 13:45:38 | DEBUG    | hf_rubert_baseline |   batch 2350 | loss 0.5759 | lr 1.99e-05 | GPU 2.88 GB
2026-04-10 13:45:46 | DEBUG    | hf_rubert_baseline |   batch 2400 | loss 0.5125 | lr 1.99e-05 | GPU 2.87 GB
2026-04-10 13:45:56 | DEBUG    | hf_rubert_baseline |   batch 2450 | loss 0.7073 | lr 1.99e-05 | GPU 2.87 GB
2026-04-10 13:46:11 | DEBUG    | hf_rubert_baseline |   batch 2500 | loss 1.6634 | lr 1.98e-05 | GPU 2.88 GB
2026-04-10 13:46:23 | DEBUG    | hf_rubert_baseline |   batch 2550 | loss 1.1648 | lr 1.98e-05 | GPU 2.87 GB
2026-04-10 13:46:36 | DEBUG    | hf_rubert_baseline |   batch 2600 | loss 0.5081 | lr 1.98e-05 | GPU 2.88 GB
2026-04-10 13:46:47 | DEBUG    | hf_rubert_baseline |   batch 2650 | loss 0.6292 | lr 1.98e-05 | GPU 2.88 GB
2026-04-10 13:46:58 | DEBUG    | hf_rubert_baseline |   batch 2700 | loss 1.1153 | lr 1.98e-05 | GPU 2.88 GB
2026-04-10 13:47:12 | DEBUG    | hf_rubert_baseline |   batch 2750 | loss 0.5338 | lr 1.98e-05 | GPU 2.88 GB
2026-04-10 13:47:25 | DEBUG    | hf_rubert_baseline |   batch 2800 | loss 0.8659 | lr 1.98e-05 | GPU 2.88 GB
2026-04-10 13:47:36 | DEBUG    | hf_rubert_baseline |   batch 2850 | loss 0.5209 | lr 1.98e-05 | GPU 2.88 GB
2026-04-10 13:47:48 | DEBUG    | hf_rubert_baseline |   batch 2900 | loss 0.9257 | lr 1.98e-05 | GPU 2.88 GB
2026-04-10 13:47:58 | DEBUG    | hf_rubert_baseline |   batch 2950 | loss 0.8322 | lr 1.98e-05 | GPU 2.87 GB
2026-04-10 13:48:09 | DEBUG    | hf_rubert_baseline |   batch 3000 | loss 0.6307 | lr 1.98e-05 | GPU 2.87 GB
2026-04-10 13:48:19 | DEBUG    | hf_rubert_baseline |   batch 3050 | loss 0.4355 | lr 1.98e-05 | GPU 2.87 GB
2026-04-10 13:48:27 | DEBUG    | hf_rubert_baseline |   batch 3100 | loss 0.9579 | lr 1.98e-05 | GPU 2.88 GB
2026-04-10 13:48:36 | DEBUG    | hf_rubert_baseline |   batch 3150 | loss 0.6664 | lr 1.98e-05 | GPU 2.88 GB
2026-04-10 13:48:47 | DEBUG    | hf_rubert_baseline |   batch 3200 | loss 0.7624 | lr 1.98e-05 | GPU 2.88 GB
2026-04-10 13:49:09 | DEBUG    | hf_rubert_baseline |   batch 3250 | loss 0.8964 | lr 1.98e-05 | GPU 2.88 GB
2026-04-10 13:49:31 | DEBUG    | hf_rubert_baseline |   batch 3300 | loss 0.7932 | lr 1.98e-05 | GPU 2.88 GB
2026-04-10 13:50:01 | DEBUG    | hf_rubert_baseline |   batch 3350 | loss 0.6766 | lr 1.98e-05 | GPU 2.88 GB
2026-04-10 13:50:18 | DEBUG    | hf_rubert_baseline |   batch 3400 | loss 0.9672 | lr 1.98e-05 | GPU 2.88 GB
2026-04-10 13:50:54 | DEBUG    | hf_rubert_baseline |   batch 3450 | loss 0.9972 | lr 1.98e-05 | GPU 2.88 GB
2026-04-10 13:51:43 | DEBUG    | hf_rubert_baseline |   batch 3500 | loss 0.6747 | lr 1.98e-05 | GPU 2.88 GB
2026-04-10 13:52:12 | DEBUG    | hf_rubert_baseline |   batch 3550 | loss 0.7578 | lr 1.98e-05 | GPU 2.88 GB
2026-04-10 13:52:47 | DEBUG    | hf_rubert_baseline |   batch 3600 | loss 0.7261 | lr 1.98e-05 | GPU 2.88 GB
2026-04-10 13:53:01 | DEBUG    | hf_rubert_baseline |   batch 3650 | loss 0.4654 | lr 1.98e-05 | GPU 2.88 GB
2026-04-10 13:53:41 | DEBUG    | hf_rubert_baseline |   batch 3700 | loss 0.6427 | lr 1.98e-05 | GPU 2.88 GB
2026-04-10 13:54:55 | DEBUG    | hf_rubert_baseline |   batch 3750 | loss 0.6959 | lr 1.98e-05 | GPU 2.87 GB
2026-04-10 13:55:42 | DEBUG    | hf_rubert_baseline |   batch 3800 | loss 0.6149 | lr 1.98e-05 | GPU 2.88 GB
2026-04-10 13:56:37 | DEBUG    | hf_rubert_baseline |   batch 3850 | loss 1.1851 | lr 1.98e-05 | GPU 2.88 GB
2026-04-10 13:56:47 | DEBUG    | hf_rubert_baseline |   batch 3900 | loss 0.4416 | lr 1.98e-05 | GPU 2.87 GB
2026-04-10 13:57:35 | DEBUG    | hf_rubert_baseline |   batch 3950 | loss 0.5589 | lr 1.98e-05 | GPU 2.88 GB
2026-04-10 13:57:45 | DEBUG    | hf_rubert_baseline |   batch 4000 | loss 1.0883 | lr 1.98e-05 | GPU 2.88 GB
2026-04-10 13:58:35 | DEBUG    | hf_rubert_baseline |   batch 4050 | loss 0.8233 | lr 1.98e-05 | GPU 2.88 GB
2026-04-10 13:59:50 | DEBUG    | hf_rubert_baseline |   batch 4100 | loss 0.5766 | lr 1.98e-05 | GPU 2.88 GB
2026-04-10 14:00:35 | DEBUG    | hf_rubert_baseline |   batch 4150 | loss 0.5842 | lr 1.98e-05 | GPU 2.88 GB
2026-04-10 14:01:06 | DEBUG    | hf_rubert_baseline |   batch 4200 | loss 0.3544 | lr 1.98e-05 | GPU 2.88 GB
2026-04-10 14:02:04 | DEBUG    | hf_rubert_baseline |   batch 4250 | loss 0.7103 | lr 1.98e-05 | GPU 2.88 GB
2026-04-10 14:03:39 | DEBUG    | hf_rubert_baseline |   batch 4300 | loss 0.5126 | lr 1.98e-05 | GPU 2.88 GB
2026-04-10 14:06:11 | DEBUG    | hf_rubert_baseline |   batch 4350 | loss 0.7727 | lr 1.98e-05 | GPU 2.88 GB
2026-04-10 14:07:55 | DEBUG    | hf_rubert_baseline |   batch 4400 | loss 0.5072 | lr 1.98e-05 | GPU 2.88 GB
2026-04-10 14:08:21 | DEBUG    | hf_rubert_baseline |   batch 4450 | loss 0.7751 | lr 1.98e-05 | GPU 2.87 GB
2026-04-10 14:08:41 | DEBUG    | hf_rubert_baseline |   batch 4500 | loss 0.8229 | lr 1.98e-05 | GPU 2.88 GB
2026-04-10 14:09:02 | DEBUG    | hf_rubert_baseline |   batch 4550 | loss 0.8784 | lr 1.98e-05 | GPU 2.88 GB
2026-04-10 14:09:16 | DEBUG    | hf_rubert_baseline |   batch 4600 | loss 0.4862 | lr 1.98e-05 | GPU 2.88 GB
2026-04-10 14:09:25 | DEBUG    | hf_rubert_baseline |   batch 4650 | loss 0.5641 | lr 1.98e-05 | GPU 2.88 GB
2026-04-10 14:09:50 | DEBUG    | hf_rubert_baseline |   batch 4700 | loss 0.6808 | lr 1.97e-05 | GPU 2.88 GB
2026-04-10 14:10:25 | DEBUG    | hf_rubert_baseline |   batch 4750 | loss 0.4014 | lr 1.97e-05 | GPU 2.87 GB
2026-04-10 14:10:46 | DEBUG    | hf_rubert_baseline |   batch 4800 | loss 0.8194 | lr 1.97e-05 | GPU 2.87 GB
2026-04-10 14:11:13 | DEBUG    | hf_rubert_baseline |   batch 4850 | loss 0.7172 | lr 1.97e-05 | GPU 2.88 GB
2026-04-10 14:12:00 | DEBUG    | hf_rubert_baseline |   batch 4900 | loss 0.7228 | lr 1.97e-05 | GPU 2.88 GB
2026-04-10 14:12:15 | DEBUG    | hf_rubert_baseline |   batch 4950 | loss 0.5331 | lr 1.97e-05 | GPU 2.88 GB
2026-04-10 14:12:30 | DEBUG    | hf_rubert_baseline |   batch 5000 | loss 0.5629 | lr 1.97e-05 | GPU 2.88 GB
2026-04-10 14:12:42 | DEBUG    | hf_rubert_baseline |   batch 5050 | loss 0.6842 | lr 1.97e-05 | GPU 2.88 GB
2026-04-10 14:13:51 | INFO     | hf_rubert_baseline | Epoch 5/30 | train_loss 0.6662 | val_loss 1.0182 | train_UA 0.7239 | val_UA 0.6188 | val_F1 0.4881 | time 2239.0s | ETA 29448.8s
2026-04-10 14:14:24 | DEBUG    | hf_rubert_baseline |   batch 50 | loss 0.5006 | lr 1.97e-05 | GPU 2.88 GB
2026-04-10 14:14:43 | DEBUG    | hf_rubert_baseline |   batch 100 | loss 0.5482 | lr 1.97e-05 | GPU 2.88 GB
2026-04-10 14:14:59 | DEBUG    | hf_rubert_baseline |   batch 150 | loss 0.4436 | lr 1.97e-05 | GPU 2.88 GB
2026-04-10 14:15:08 | DEBUG    | hf_rubert_baseline |   batch 200 | loss 0.6294 | lr 1.97e-05 | GPU 2.87 GB
2026-04-10 14:15:18 | DEBUG    | hf_rubert_baseline |   batch 250 | loss 0.3768 | lr 1.97e-05 | GPU 2.88 GB
2026-04-10 14:15:26 | DEBUG    | hf_rubert_baseline |   batch 300 | loss 0.6112 | lr 1.97e-05 | GPU 2.88 GB
2026-04-10 14:15:36 | DEBUG    | hf_rubert_baseline |   batch 350 | loss 0.3515 | lr 1.97e-05 | GPU 2.87 GB
2026-04-10 14:15:50 | DEBUG    | hf_rubert_baseline |   batch 400 | loss 0.5384 | lr 1.97e-05 | GPU 2.87 GB
2026-04-10 14:16:10 | DEBUG    | hf_rubert_baseline |   batch 450 | loss 0.4450 | lr 1.97e-05 | GPU 2.87 GB
2026-04-10 14:16:23 | DEBUG    | hf_rubert_baseline |   batch 500 | loss 0.5992 | lr 1.97e-05 | GPU 2.88 GB
2026-04-10 14:16:33 | DEBUG    | hf_rubert_baseline |   batch 550 | loss 0.4208 | lr 1.97e-05 | GPU 2.88 GB
2026-04-10 14:16:42 | DEBUG    | hf_rubert_baseline |   batch 600 | loss 0.2458 | lr 1.97e-05 | GPU 2.88 GB
2026-04-10 14:16:51 | DEBUG    | hf_rubert_baseline |   batch 650 | loss 0.4479 | lr 1.97e-05 | GPU 2.88 GB
2026-04-10 14:17:01 | DEBUG    | hf_rubert_baseline |   batch 700 | loss 0.5773 | lr 1.97e-05 | GPU 2.88 GB
2026-04-10 14:17:10 | DEBUG    | hf_rubert_baseline |   batch 750 | loss 0.7833 | lr 1.97e-05 | GPU 2.88 GB
2026-04-10 14:17:20 | DEBUG    | hf_rubert_baseline |   batch 800 | loss 0.4474 | lr 1.97e-05 | GPU 2.87 GB
2026-04-10 14:17:29 | DEBUG    | hf_rubert_baseline |   batch 850 | loss 0.4327 | lr 1.97e-05 | GPU 2.89 GB
2026-04-10 14:18:01 | DEBUG    | hf_rubert_baseline |   batch 900 | loss 0.4826 | lr 1.97e-05 | GPU 2.88 GB
2026-04-10 14:18:16 | DEBUG    | hf_rubert_baseline |   batch 950 | loss 0.5333 | lr 1.97e-05 | GPU 2.88 GB
2026-04-10 14:18:26 | DEBUG    | hf_rubert_baseline |   batch 1000 | loss 0.5700 | lr 1.97e-05 | GPU 2.88 GB
2026-04-10 14:18:36 | DEBUG    | hf_rubert_baseline |   batch 1050 | loss 1.0236 | lr 1.97e-05 | GPU 2.88 GB
2026-04-10 14:18:48 | DEBUG    | hf_rubert_baseline |   batch 1100 | loss 0.7261 | lr 1.97e-05 | GPU 2.87 GB
2026-04-10 14:19:11 | DEBUG    | hf_rubert_baseline |   batch 1150 | loss 0.4406 | lr 1.97e-05 | GPU 2.88 GB
2026-04-10 14:19:34 | DEBUG    | hf_rubert_baseline |   batch 1200 | loss 0.4628 | lr 1.97e-05 | GPU 2.88 GB
2026-04-10 14:20:16 | DEBUG    | hf_rubert_baseline |   batch 1250 | loss 0.4683 | lr 1.97e-05 | GPU 2.87 GB
2026-04-10 14:21:04 | DEBUG    | hf_rubert_baseline |   batch 1300 | loss 0.4977 | lr 1.97e-05 | GPU 2.88 GB
2026-04-10 14:21:46 | DEBUG    | hf_rubert_baseline |   batch 1350 | loss 0.5653 | lr 1.97e-05 | GPU 2.88 GB
2026-04-10 14:21:56 | DEBUG    | hf_rubert_baseline |   batch 1400 | loss 0.5992 | lr 1.97e-05 | GPU 2.87 GB
2026-04-10 14:22:28 | DEBUG    | hf_rubert_baseline |   batch 1450 | loss 0.5325 | lr 1.96e-05 | GPU 2.87 GB
2026-04-10 14:22:46 | DEBUG    | hf_rubert_baseline |   batch 1500 | loss 0.7026 | lr 1.96e-05 | GPU 2.87 GB
2026-04-10 14:23:38 | DEBUG    | hf_rubert_baseline |   batch 1550 | loss 0.7234 | lr 1.96e-05 | GPU 2.87 GB
2026-04-10 14:24:21 | DEBUG    | hf_rubert_baseline |   batch 1600 | loss 0.5262 | lr 1.96e-05 | GPU 2.88 GB
2026-04-10 14:25:20 | DEBUG    | hf_rubert_baseline |   batch 1650 | loss 0.3992 | lr 1.96e-05 | GPU 2.88 GB
2026-04-10 14:26:20 | DEBUG    | hf_rubert_baseline |   batch 1700 | loss 0.4917 | lr 1.96e-05 | GPU 2.88 GB
2026-04-10 14:26:51 | DEBUG    | hf_rubert_baseline |   batch 1750 | loss 0.8369 | lr 1.96e-05 | GPU 2.88 GB
2026-04-10 14:27:21 | DEBUG    | hf_rubert_baseline |   batch 1800 | loss 0.5162 | lr 1.96e-05 | GPU 2.88 GB
2026-04-10 14:27:56 | DEBUG    | hf_rubert_baseline |   batch 1850 | loss 0.4810 | lr 1.96e-05 | GPU 2.88 GB
2026-04-10 14:28:07 | DEBUG    | hf_rubert_baseline |   batch 1900 | loss 0.5683 | lr 1.96e-05 | GPU 2.88 GB
2026-04-10 14:28:19 | DEBUG    | hf_rubert_baseline |   batch 1950 | loss 0.9271 | lr 1.96e-05 | GPU 2.89 GB
2026-04-10 14:28:31 | DEBUG    | hf_rubert_baseline |   batch 2000 | loss 0.8729 | lr 1.96e-05 | GPU 2.88 GB
2026-04-10 14:28:42 | DEBUG    | hf_rubert_baseline |   batch 2050 | loss 0.6961 | lr 1.96e-05 | GPU 2.88 GB
2026-04-10 14:28:51 | DEBUG    | hf_rubert_baseline |   batch 2100 | loss 0.5541 | lr 1.96e-05 | GPU 2.88 GB
2026-04-10 14:29:00 | DEBUG    | hf_rubert_baseline |   batch 2150 | loss 0.6249 | lr 1.96e-05 | GPU 2.88 GB
2026-04-10 14:29:09 | DEBUG    | hf_rubert_baseline |   batch 2200 | loss 0.3501 | lr 1.96e-05 | GPU 2.88 GB
2026-04-10 14:29:18 | DEBUG    | hf_rubert_baseline |   batch 2250 | loss 0.4520 | lr 1.96e-05 | GPU 2.88 GB
2026-04-10 14:29:27 | DEBUG    | hf_rubert_baseline |   batch 2300 | loss 0.5132 | lr 1.96e-05 | GPU 2.88 GB
2026-04-10 14:29:36 | DEBUG    | hf_rubert_baseline |   batch 2350 | loss 0.4566 | lr 1.96e-05 | GPU 2.88 GB
2026-04-10 14:29:45 | DEBUG    | hf_rubert_baseline |   batch 2400 | loss 0.4201 | lr 1.96e-05 | GPU 2.87 GB
2026-04-10 14:29:54 | DEBUG    | hf_rubert_baseline |   batch 2450 | loss 0.5131 | lr 1.96e-05 | GPU 2.87 GB
2026-04-10 14:30:03 | DEBUG    | hf_rubert_baseline |   batch 2500 | loss 0.4164 | lr 1.96e-05 | GPU 2.88 GB
2026-04-10 14:30:13 | DEBUG    | hf_rubert_baseline |   batch 2550 | loss 0.6293 | lr 1.96e-05 | GPU 2.88 GB
2026-04-10 14:30:22 | DEBUG    | hf_rubert_baseline |   batch 2600 | loss 0.7108 | lr 1.96e-05 | GPU 2.88 GB
2026-04-10 14:30:34 | DEBUG    | hf_rubert_baseline |   batch 2650 | loss 0.7367 | lr 1.96e-05 | GPU 2.88 GB
2026-04-10 14:30:47 | DEBUG    | hf_rubert_baseline |   batch 2700 | loss 0.5083 | lr 1.96e-05 | GPU 2.87 GB
2026-04-10 14:30:57 | DEBUG    | hf_rubert_baseline |   batch 2750 | loss 0.4614 | lr 1.96e-05 | GPU 2.88 GB
2026-04-10 14:31:06 | DEBUG    | hf_rubert_baseline |   batch 2800 | loss 0.9674 | lr 1.96e-05 | GPU 2.88 GB
2026-04-10 14:31:14 | DEBUG    | hf_rubert_baseline |   batch 2850 | loss 0.4254 | lr 1.96e-05 | GPU 2.88 GB
2026-04-10 14:31:22 | DEBUG    | hf_rubert_baseline |   batch 2900 | loss 0.6811 | lr 1.96e-05 | GPU 2.88 GB
2026-04-10 14:31:29 | DEBUG    | hf_rubert_baseline |   batch 2950 | loss 0.6171 | lr 1.96e-05 | GPU 2.87 GB
2026-04-10 14:31:37 | DEBUG    | hf_rubert_baseline |   batch 3000 | loss 0.8079 | lr 1.95e-05 | GPU 2.88 GB
2026-04-10 14:31:45 | DEBUG    | hf_rubert_baseline |   batch 3050 | loss 0.6107 | lr 1.95e-05 | GPU 2.88 GB
2026-04-10 14:31:52 | DEBUG    | hf_rubert_baseline |   batch 3100 | loss 0.4990 | lr 1.95e-05 | GPU 2.88 GB
2026-04-10 14:32:00 | DEBUG    | hf_rubert_baseline |   batch 3150 | loss 0.9614 | lr 1.95e-05 | GPU 2.87 GB
2026-04-10 14:32:08 | DEBUG    | hf_rubert_baseline |   batch 3200 | loss 0.9522 | lr 1.95e-05 | GPU 2.88 GB
2026-04-10 14:32:15 | DEBUG    | hf_rubert_baseline |   batch 3250 | loss 0.5611 | lr 1.95e-05 | GPU 2.88 GB
2026-04-10 14:32:24 | DEBUG    | hf_rubert_baseline |   batch 3300 | loss 0.8442 | lr 1.95e-05 | GPU 2.88 GB
2026-04-10 14:32:32 | DEBUG    | hf_rubert_baseline |   batch 3350 | loss 0.4168 | lr 1.95e-05 | GPU 2.88 GB
2026-04-10 14:32:40 | DEBUG    | hf_rubert_baseline |   batch 3400 | loss 0.5469 | lr 1.95e-05 | GPU 2.88 GB
2026-04-10 14:32:48 | DEBUG    | hf_rubert_baseline |   batch 3450 | loss 0.4348 | lr 1.95e-05 | GPU 2.87 GB
2026-04-10 14:32:56 | DEBUG    | hf_rubert_baseline |   batch 3500 | loss 0.5026 | lr 1.95e-05 | GPU 2.88 GB
2026-04-10 14:33:04 | DEBUG    | hf_rubert_baseline |   batch 3550 | loss 0.6262 | lr 1.95e-05 | GPU 2.88 GB
2026-04-10 14:33:12 | DEBUG    | hf_rubert_baseline |   batch 3600 | loss 0.5480 | lr 1.95e-05 | GPU 2.88 GB
2026-04-10 14:33:22 | DEBUG    | hf_rubert_baseline |   batch 3650 | loss 0.6435 | lr 1.95e-05 | GPU 2.88 GB
2026-04-10 14:33:32 | DEBUG    | hf_rubert_baseline |   batch 3700 | loss 0.6134 | lr 1.95e-05 | GPU 2.88 GB
2026-04-10 14:33:42 | DEBUG    | hf_rubert_baseline |   batch 3750 | loss 0.5215 | lr 1.95e-05 | GPU 2.88 GB
2026-04-10 14:33:56 | DEBUG    | hf_rubert_baseline |   batch 3800 | loss 0.9202 | lr 1.95e-05 | GPU 2.87 GB
2026-04-10 14:34:06 | DEBUG    | hf_rubert_baseline |   batch 3850 | loss 0.7250 | lr 1.95e-05 | GPU 2.88 GB
2026-04-10 14:34:14 | DEBUG    | hf_rubert_baseline |   batch 3900 | loss 1.0863 | lr 1.95e-05 | GPU 2.88 GB
2026-04-10 14:34:23 | DEBUG    | hf_rubert_baseline |   batch 3950 | loss 0.4784 | lr 1.95e-05 | GPU 2.87 GB
2026-04-10 14:34:33 | DEBUG    | hf_rubert_baseline |   batch 4000 | loss 0.6454 | lr 1.95e-05 | GPU 2.88 GB
2026-04-10 14:34:46 | DEBUG    | hf_rubert_baseline |   batch 4050 | loss 0.3567 | lr 1.95e-05 | GPU 2.87 GB
2026-04-10 14:34:54 | DEBUG    | hf_rubert_baseline |   batch 4100 | loss 0.5268 | lr 1.95e-05 | GPU 2.88 GB
2026-04-10 14:35:04 | DEBUG    | hf_rubert_baseline |   batch 4150 | loss 0.7035 | lr 1.95e-05 | GPU 2.88 GB
2026-04-10 14:35:13 | DEBUG    | hf_rubert_baseline |   batch 4200 | loss 0.6648 | lr 1.95e-05 | GPU 2.87 GB
2026-04-10 14:35:21 | DEBUG    | hf_rubert_baseline |   batch 4250 | loss 0.4310 | lr 1.95e-05 | GPU 2.88 GB
2026-04-10 14:35:30 | DEBUG    | hf_rubert_baseline |   batch 4300 | loss 0.5525 | lr 1.95e-05 | GPU 2.88 GB
2026-04-10 14:35:39 | DEBUG    | hf_rubert_baseline |   batch 4350 | loss 0.4885 | lr 1.95e-05 | GPU 2.88 GB
2026-04-10 14:35:48 | DEBUG    | hf_rubert_baseline |   batch 4400 | loss 0.5950 | lr 1.94e-05 | GPU 2.88 GB
2026-04-10 14:35:58 | DEBUG    | hf_rubert_baseline |   batch 4450 | loss 0.5821 | lr 1.94e-05 | GPU 2.88 GB
2026-04-10 14:36:06 | DEBUG    | hf_rubert_baseline |   batch 4500 | loss 0.3786 | lr 1.94e-05 | GPU 2.88 GB
2026-04-10 14:36:19 | DEBUG    | hf_rubert_baseline |   batch 4550 | loss 0.6817 | lr 1.94e-05 | GPU 2.87 GB
2026-04-10 14:36:27 | DEBUG    | hf_rubert_baseline |   batch 4600 | loss 0.7955 | lr 1.94e-05 | GPU 2.88 GB
2026-04-10 14:36:36 | DEBUG    | hf_rubert_baseline |   batch 4650 | loss 1.0012 | lr 1.94e-05 | GPU 2.87 GB
2026-04-10 14:36:46 | DEBUG    | hf_rubert_baseline |   batch 4700 | loss 0.3389 | lr 1.94e-05 | GPU 2.88 GB
2026-04-10 14:36:55 | DEBUG    | hf_rubert_baseline |   batch 4750 | loss 0.7716 | lr 1.94e-05 | GPU 2.88 GB
2026-04-10 14:37:03 | DEBUG    | hf_rubert_baseline |   batch 4800 | loss 0.5197 | lr 1.94e-05 | GPU 2.88 GB
2026-04-10 14:37:16 | DEBUG    | hf_rubert_baseline |   batch 4850 | loss 1.0283 | lr 1.94e-05 | GPU 2.88 GB
2026-04-10 14:37:38 | DEBUG    | hf_rubert_baseline |   batch 4900 | loss 0.9804 | lr 1.94e-05 | GPU 2.87 GB
2026-04-10 14:37:58 | DEBUG    | hf_rubert_baseline |   batch 4950 | loss 0.5689 | lr 1.94e-05 | GPU 2.87 GB
2026-04-10 14:38:11 | DEBUG    | hf_rubert_baseline |   batch 5000 | loss 0.6334 | lr 1.94e-05 | GPU 2.88 GB
2026-04-10 14:38:21 | DEBUG    | hf_rubert_baseline |   batch 5050 | loss 0.6581 | lr 1.94e-05 | GPU 2.87 GB
2026-04-10 14:39:05 | INFO     | hf_rubert_baseline | Epoch 6/30 | train_loss 0.5999 | val_loss 1.0934 | train_UA 0.7562 | val_UA 0.5977 | val_F1 0.5075 | time 1498.0s | ETA 29616.5s
2026-04-10 14:39:34 | DEBUG    | hf_rubert_baseline |   batch 50 | loss 0.3539 | lr 1.94e-05 | GPU 2.88 GB
2026-04-10 14:39:47 | DEBUG    | hf_rubert_baseline |   batch 100 | loss 0.5816 | lr 1.94e-05 | GPU 2.88 GB
2026-04-10 14:40:00 | DEBUG    | hf_rubert_baseline |   batch 150 | loss 0.4824 | lr 1.94e-05 | GPU 2.88 GB
2026-04-10 14:40:13 | DEBUG    | hf_rubert_baseline |   batch 200 | loss 0.4169 | lr 1.94e-05 | GPU 2.87 GB
2026-04-10 14:40:26 | DEBUG    | hf_rubert_baseline |   batch 250 | loss 0.6632 | lr 1.94e-05 | GPU 2.88 GB
2026-04-10 14:40:39 | DEBUG    | hf_rubert_baseline |   batch 300 | loss 0.7724 | lr 1.94e-05 | GPU 2.87 GB
2026-04-10 14:40:52 | DEBUG    | hf_rubert_baseline |   batch 350 | loss 0.6090 | lr 1.94e-05 | GPU 2.87 GB
2026-04-10 14:41:04 | DEBUG    | hf_rubert_baseline |   batch 400 | loss 0.5768 | lr 1.94e-05 | GPU 2.88 GB
2026-04-10 14:41:17 | DEBUG    | hf_rubert_baseline |   batch 450 | loss 0.5034 | lr 1.94e-05 | GPU 2.88 GB
2026-04-10 14:41:31 | DEBUG    | hf_rubert_baseline |   batch 500 | loss 0.5440 | lr 1.94e-05 | GPU 2.88 GB
2026-04-10 14:41:43 | DEBUG    | hf_rubert_baseline |   batch 550 | loss 0.4921 | lr 1.94e-05 | GPU 2.88 GB
2026-04-10 14:41:51 | DEBUG    | hf_rubert_baseline |   batch 600 | loss 0.5069 | lr 1.93e-05 | GPU 2.88 GB
2026-04-10 14:41:58 | DEBUG    | hf_rubert_baseline |   batch 650 | loss 0.8822 | lr 1.93e-05 | GPU 2.88 GB
2026-04-10 14:42:05 | DEBUG    | hf_rubert_baseline |   batch 700 | loss 0.5755 | lr 1.93e-05 | GPU 2.88 GB
2026-04-10 14:42:12 | DEBUG    | hf_rubert_baseline |   batch 750 | loss 0.4220 | lr 1.93e-05 | GPU 2.88 GB
2026-04-10 14:42:20 | DEBUG    | hf_rubert_baseline |   batch 800 | loss 0.6964 | lr 1.93e-05 | GPU 2.88 GB
2026-04-10 14:42:27 | DEBUG    | hf_rubert_baseline |   batch 850 | loss 0.5641 | lr 1.93e-05 | GPU 2.88 GB
2026-04-10 14:42:34 | DEBUG    | hf_rubert_baseline |   batch 900 | loss 0.7596 | lr 1.93e-05 | GPU 2.88 GB
2026-04-10 14:42:41 | DEBUG    | hf_rubert_baseline |   batch 950 | loss 0.5457 | lr 1.93e-05 | GPU 2.88 GB
2026-04-10 14:42:48 | DEBUG    | hf_rubert_baseline |   batch 1000 | loss 0.7369 | lr 1.93e-05 | GPU 2.88 GB
2026-04-10 14:42:55 | DEBUG    | hf_rubert_baseline |   batch 1050 | loss 0.4828 | lr 1.93e-05 | GPU 2.88 GB
2026-04-10 14:43:02 | DEBUG    | hf_rubert_baseline |   batch 1100 | loss 0.6410 | lr 1.93e-05 | GPU 2.88 GB
2026-04-10 14:43:09 | DEBUG    | hf_rubert_baseline |   batch 1150 | loss 0.6112 | lr 1.93e-05 | GPU 2.89 GB
2026-04-10 14:43:17 | DEBUG    | hf_rubert_baseline |   batch 1200 | loss 0.3238 | lr 1.93e-05 | GPU 2.88 GB
2026-04-10 14:43:24 | DEBUG    | hf_rubert_baseline |   batch 1250 | loss 0.6801 | lr 1.93e-05 | GPU 2.88 GB
2026-04-10 14:43:31 | DEBUG    | hf_rubert_baseline |   batch 1300 | loss 0.9364 | lr 1.93e-05 | GPU 2.88 GB
2026-04-10 14:43:38 | DEBUG    | hf_rubert_baseline |   batch 1350 | loss 0.5860 | lr 1.93e-05 | GPU 2.88 GB
2026-04-10 14:43:45 | DEBUG    | hf_rubert_baseline |   batch 1400 | loss 0.3096 | lr 1.93e-05 | GPU 2.88 GB
2026-04-10 14:43:52 | DEBUG    | hf_rubert_baseline |   batch 1450 | loss 0.7270 | lr 1.93e-05 | GPU 2.87 GB
2026-04-10 14:43:59 | DEBUG    | hf_rubert_baseline |   batch 1500 | loss 0.5596 | lr 1.93e-05 | GPU 2.88 GB
2026-04-10 14:44:05 | DEBUG    | hf_rubert_baseline |   batch 1550 | loss 0.3265 | lr 1.93e-05 | GPU 2.88 GB
2026-04-10 14:44:13 | DEBUG    | hf_rubert_baseline |   batch 1600 | loss 0.6166 | lr 1.93e-05 | GPU 2.88 GB
2026-04-10 14:44:20 | DEBUG    | hf_rubert_baseline |   batch 1650 | loss 0.3624 | lr 1.93e-05 | GPU 2.88 GB
2026-04-10 14:44:27 | DEBUG    | hf_rubert_baseline |   batch 1700 | loss 0.3578 | lr 1.93e-05 | GPU 2.87 GB
2026-04-10 14:44:34 | DEBUG    | hf_rubert_baseline |   batch 1750 | loss 0.7951 | lr 1.93e-05 | GPU 2.88 GB
2026-04-10 14:44:41 | DEBUG    | hf_rubert_baseline |   batch 1800 | loss 0.3542 | lr 1.92e-05 | GPU 2.88 GB
2026-04-10 14:44:48 | DEBUG    | hf_rubert_baseline |   batch 1850 | loss 0.4678 | lr 1.92e-05 | GPU 2.88 GB
2026-04-10 14:44:55 | DEBUG    | hf_rubert_baseline |   batch 1900 | loss 0.6027 | lr 1.92e-05 | GPU 2.88 GB
2026-04-10 14:45:02 | DEBUG    | hf_rubert_baseline |   batch 1950 | loss 0.4188 | lr 1.92e-05 | GPU 2.87 GB
2026-04-10 14:45:09 | DEBUG    | hf_rubert_baseline |   batch 2000 | loss 0.3771 | lr 1.92e-05 | GPU 2.88 GB
2026-04-10 14:45:17 | DEBUG    | hf_rubert_baseline |   batch 2050 | loss 0.4887 | lr 1.92e-05 | GPU 2.88 GB
2026-04-10 14:45:23 | DEBUG    | hf_rubert_baseline |   batch 2100 | loss 0.6354 | lr 1.92e-05 | GPU 2.89 GB
2026-04-10 14:45:30 | DEBUG    | hf_rubert_baseline |   batch 2150 | loss 0.3262 | lr 1.92e-05 | GPU 2.88 GB
2026-04-10 14:45:37 | DEBUG    | hf_rubert_baseline |   batch 2200 | loss 0.3151 | lr 1.92e-05 | GPU 2.88 GB
2026-04-10 14:45:45 | DEBUG    | hf_rubert_baseline |   batch 2250 | loss 0.4937 | lr 1.92e-05 | GPU 2.88 GB
2026-04-10 14:45:52 | DEBUG    | hf_rubert_baseline |   batch 2300 | loss 0.3256 | lr 1.92e-05 | GPU 2.88 GB
2026-04-10 14:45:58 | DEBUG    | hf_rubert_baseline |   batch 2350 | loss 0.4150 | lr 1.92e-05 | GPU 2.88 GB
2026-04-10 14:46:04 | DEBUG    | hf_rubert_baseline |   batch 2400 | loss 0.5882 | lr 1.92e-05 | GPU 2.87 GB
2026-04-10 14:46:11 | DEBUG    | hf_rubert_baseline |   batch 2450 | loss 1.0039 | lr 1.92e-05 | GPU 2.88 GB
2026-04-10 14:46:17 | DEBUG    | hf_rubert_baseline |   batch 2500 | loss 0.4548 | lr 1.92e-05 | GPU 2.88 GB
2026-04-10 14:46:23 | DEBUG    | hf_rubert_baseline |   batch 2550 | loss 0.6709 | lr 1.92e-05 | GPU 2.88 GB
2026-04-10 14:46:32 | DEBUG    | hf_rubert_baseline |   batch 2600 | loss 0.4610 | lr 1.92e-05 | GPU 2.88 GB
2026-04-10 14:46:38 | DEBUG    | hf_rubert_baseline |   batch 2650 | loss 0.8919 | lr 1.92e-05 | GPU 2.88 GB
2026-04-10 14:46:45 | DEBUG    | hf_rubert_baseline |   batch 2700 | loss 0.7632 | lr 1.92e-05 | GPU 2.88 GB
2026-04-10 14:46:51 | DEBUG    | hf_rubert_baseline |   batch 2750 | loss 0.6446 | lr 1.92e-05 | GPU 2.88 GB
2026-04-10 14:46:57 | DEBUG    | hf_rubert_baseline |   batch 2800 | loss 0.5899 | lr 1.92e-05 | GPU 2.88 GB
2026-04-10 14:47:03 | DEBUG    | hf_rubert_baseline |   batch 2850 | loss 0.9573 | lr 1.92e-05 | GPU 2.87 GB
2026-04-10 14:47:08 | DEBUG    | hf_rubert_baseline |   batch 2900 | loss 0.7622 | lr 1.91e-05 | GPU 2.88 GB
2026-04-10 14:47:14 | DEBUG    | hf_rubert_baseline |   batch 2950 | loss 0.6242 | lr 1.91e-05 | GPU 2.88 GB
2026-04-10 14:47:20 | DEBUG    | hf_rubert_baseline |   batch 3000 | loss 0.3328 | lr 1.91e-05 | GPU 2.87 GB
2026-04-10 14:47:29 | DEBUG    | hf_rubert_baseline |   batch 3050 | loss 0.4657 | lr 1.91e-05 | GPU 2.87 GB
2026-04-10 14:47:48 | DEBUG    | hf_rubert_baseline |   batch 3100 | loss 0.2813 | lr 1.91e-05 | GPU 2.88 GB
2026-04-10 14:47:58 | DEBUG    | hf_rubert_baseline |   batch 3150 | loss 0.3846 | lr 1.91e-05 | GPU 2.87 GB
2026-04-10 14:48:09 | DEBUG    | hf_rubert_baseline |   batch 3200 | loss 0.5635 | lr 1.91e-05 | GPU 2.87 GB
2026-04-10 14:48:19 | DEBUG    | hf_rubert_baseline |   batch 3250 | loss 0.7635 | lr 1.91e-05 | GPU 2.88 GB
2026-04-10 14:48:29 | DEBUG    | hf_rubert_baseline |   batch 3300 | loss 0.6374 | lr 1.91e-05 | GPU 2.88 GB
2026-04-10 14:48:40 | DEBUG    | hf_rubert_baseline |   batch 3350 | loss 0.3933 | lr 1.91e-05 | GPU 2.87 GB
2026-04-10 14:48:50 | DEBUG    | hf_rubert_baseline |   batch 3400 | loss 0.6288 | lr 1.91e-05 | GPU 2.88 GB
2026-04-10 14:49:01 | DEBUG    | hf_rubert_baseline |   batch 3450 | loss 0.7218 | lr 1.91e-05 | GPU 2.88 GB
2026-04-10 14:49:15 | DEBUG    | hf_rubert_baseline |   batch 3500 | loss 0.6924 | lr 1.91e-05 | GPU 2.88 GB
2026-04-10 14:49:27 | DEBUG    | hf_rubert_baseline |   batch 3550 | loss 0.4725 | lr 1.91e-05 | GPU 2.88 GB
2026-04-10 14:49:41 | DEBUG    | hf_rubert_baseline |   batch 3600 | loss 0.5031 | lr 1.91e-05 | GPU 2.88 GB
2026-04-10 14:49:55 | DEBUG    | hf_rubert_baseline |   batch 3650 | loss 0.5165 | lr 1.91e-05 | GPU 2.88 GB
2026-04-10 14:50:12 | DEBUG    | hf_rubert_baseline |   batch 3700 | loss 0.7910 | lr 1.91e-05 | GPU 2.88 GB
2026-04-10 14:50:27 | DEBUG    | hf_rubert_baseline |   batch 3750 | loss 0.4353 | lr 1.91e-05 | GPU 2.88 GB
2026-04-10 14:50:41 | DEBUG    | hf_rubert_baseline |   batch 3800 | loss 0.5581 | lr 1.91e-05 | GPU 2.88 GB
2026-04-10 14:50:57 | DEBUG    | hf_rubert_baseline |   batch 3850 | loss 1.2457 | lr 1.91e-05 | GPU 2.87 GB
2026-04-10 14:51:09 | DEBUG    | hf_rubert_baseline |   batch 3900 | loss 0.3184 | lr 1.91e-05 | GPU 2.88 GB
2026-04-10 14:51:20 | DEBUG    | hf_rubert_baseline |   batch 3950 | loss 0.5486 | lr 1.90e-05 | GPU 2.89 GB
2026-04-10 14:51:31 | DEBUG    | hf_rubert_baseline |   batch 4000 | loss 0.7313 | lr 1.90e-05 | GPU 2.88 GB
2026-04-10 14:51:43 | DEBUG    | hf_rubert_baseline |   batch 4050 | loss 0.4468 | lr 1.90e-05 | GPU 2.88 GB
2026-04-10 14:51:57 | DEBUG    | hf_rubert_baseline |   batch 4100 | loss 0.3144 | lr 1.90e-05 | GPU 2.88 GB
2026-04-10 14:52:06 | DEBUG    | hf_rubert_baseline |   batch 4150 | loss 0.4490 | lr 1.90e-05 | GPU 2.88 GB
2026-04-10 14:52:15 | DEBUG    | hf_rubert_baseline |   batch 4200 | loss 0.5957 | lr 1.90e-05 | GPU 2.87 GB
2026-04-10 14:52:26 | DEBUG    | hf_rubert_baseline |   batch 4250 | loss 0.3967 | lr 1.90e-05 | GPU 2.88 GB
2026-04-10 14:52:38 | DEBUG    | hf_rubert_baseline |   batch 4300 | loss 0.6380 | lr 1.90e-05 | GPU 2.88 GB
2026-04-10 14:52:55 | DEBUG    | hf_rubert_baseline |   batch 4350 | loss 1.0317 | lr 1.90e-05 | GPU 2.88 GB
2026-04-10 14:53:10 | DEBUG    | hf_rubert_baseline |   batch 4400 | loss 0.4712 | lr 1.90e-05 | GPU 2.87 GB
2026-04-10 14:53:23 | DEBUG    | hf_rubert_baseline |   batch 4450 | loss 0.2919 | lr 1.90e-05 | GPU 2.88 GB
2026-04-10 14:53:32 | DEBUG    | hf_rubert_baseline |   batch 4500 | loss 0.4066 | lr 1.90e-05 | GPU 2.88 GB
2026-04-10 14:53:45 | DEBUG    | hf_rubert_baseline |   batch 4550 | loss 0.6241 | lr 1.90e-05 | GPU 2.88 GB
2026-04-10 14:53:56 | DEBUG    | hf_rubert_baseline |   batch 4600 | loss 0.3216 | lr 1.90e-05 | GPU 2.87 GB
2026-04-10 14:54:09 | DEBUG    | hf_rubert_baseline |   batch 4650 | loss 0.4601 | lr 1.90e-05 | GPU 2.88 GB
2026-04-10 14:54:20 | DEBUG    | hf_rubert_baseline |   batch 4700 | loss 0.5457 | lr 1.90e-05 | GPU 2.88 GB
2026-04-10 14:54:35 | DEBUG    | hf_rubert_baseline |   batch 4750 | loss 0.2461 | lr 1.90e-05 | GPU 2.88 GB
2026-04-10 14:54:49 | DEBUG    | hf_rubert_baseline |   batch 4800 | loss 0.4198 | lr 1.90e-05 | GPU 2.88 GB
2026-04-10 14:55:00 | DEBUG    | hf_rubert_baseline |   batch 4850 | loss 0.6622 | lr 1.90e-05 | GPU 2.88 GB
2026-04-10 14:55:13 | DEBUG    | hf_rubert_baseline |   batch 4900 | loss 0.3335 | lr 1.90e-05 | GPU 2.88 GB
2026-04-10 14:55:23 | DEBUG    | hf_rubert_baseline |   batch 4950 | loss 1.5257 | lr 1.89e-05 | GPU 2.88 GB
2026-04-10 14:55:39 | DEBUG    | hf_rubert_baseline |   batch 5000 | loss 0.8663 | lr 1.89e-05 | GPU 2.88 GB
2026-04-10 14:55:49 | DEBUG    | hf_rubert_baseline |   batch 5050 | loss 0.5172 | lr 1.89e-05 | GPU 2.88 GB
2026-04-10 14:56:34 | INFO     | hf_rubert_baseline | Epoch 7/30 | train_loss 0.5420 | val_loss 1.2513 | train_UA 0.7862 | val_UA 0.5948 | val_F1 0.4943 | time 1032.6s | ETA 27771.5s
2026-04-10 14:56:49 | INFO     | hf_rubert_baseline | Early stopping at epoch 7
2026-04-10 14:56:49 | INFO     | hf_rubert_baseline | ============================================================
2026-04-10 14:56:49 | INFO     | hf_rubert_baseline | Training complete in 141.1 min
2026-04-10 14:56:49 | INFO     | hf_rubert_baseline | Best val UA: 0.6330
2026-04-10 14:56:49 | INFO     | hf_rubert_baseline | 
Final validation metrics:
2026-04-10 14:56:49 | INFO     | hf_rubert_baseline | WA:       0.4612
UA:       0.5948
Macro F1: 0.4943
Per-class F1:
  angry        0.6695
  sad          0.2900
  neutral      0.4886
  positive     0.5294
2026-04-10 14:56:49 | INFO     | hf_rubert_baseline | Metrics saved to C:\Users\Meric\Desktop\VKR\Code\results\metrics\hf_rubert_baseline_seed42.json
