2026-04-10 02:16:05 | INFO     | hf_rubert_baseline | Log file: C:\Users\Meric\Desktop\VKR\Code\results\logs\2026-04-10_02-16-05_hf_rubert_baseline.log
2026-04-10 02:16:05 | INFO     | hf_rubert_baseline | ============================================================
2026-04-10 02:16:05 | INFO     | hf_rubert_baseline | Training: hf_rubert_baseline
2026-04-10 02:16:05 | INFO     | hf_rubert_baseline | Device: cuda | Seed: 42 | Dry run: False
2026-04-10 02:16:05 | INFO     | hf_rubert_baseline | Epochs: 30 | Batch: 32 | LR: 2.00e-05
2026-04-10 02:16:05 | INFO     | hf_rubert_baseline | Freeze BERT: False
2026-04-10 02:16:05 | INFO     | hf_rubert_baseline | ============================================================
2026-04-10 02:16:09 | INFO     | hf_rubert_baseline | Dataset: 179590 samples (text required)
2026-04-10 02:16:09 | INFO     | hf_rubert_baseline | Train: 161631 | Val: 17959
2026-04-10 02:16:10 | INFO     | hf_rubert_baseline | Class weights: [1.1833072900772095, 1.0306731462478638, 0.20952686667442322, 1.5764926671981812]
2026-04-10 02:16:16 | INFO     | hf_rubert_baseline | Total params: 178,571,524 | Trainable: 178,571,524
2026-04-10 02:17:44 | DEBUG    | hf_rubert_baseline |   batch 50 | loss 1.3337 | lr 8.01e-07 | GPU 2.88 GB
2026-04-10 02:17:55 | DEBUG    | hf_rubert_baseline |   batch 100 | loss 1.3773 | lr 8.02e-07 | GPU 2.88 GB
2026-04-10 02:18:06 | DEBUG    | hf_rubert_baseline |   batch 150 | loss 1.3754 | lr 8.05e-07 | GPU 2.88 GB
2026-04-10 02:18:19 | DEBUG    | hf_rubert_baseline |   batch 200 | loss 1.4109 | lr 8.08e-07 | GPU 2.88 GB
2026-04-10 02:18:32 | DEBUG    | hf_rubert_baseline |   batch 250 | loss 1.4409 | lr 8.13e-07 | GPU 2.87 GB
2026-04-10 02:18:43 | DEBUG    | hf_rubert_baseline |   batch 300 | loss 1.2880 | lr 8.19e-07 | GPU 2.87 GB
2026-04-10 02:18:58 | DEBUG    | hf_rubert_baseline |   batch 350 | loss 1.3592 | lr 8.25e-07 | GPU 2.88 GB
2026-04-10 02:19:15 | DEBUG    | hf_rubert_baseline |   batch 400 | loss 1.3575 | lr 8.33e-07 | GPU 2.87 GB
2026-04-10 02:19:27 | DEBUG    | hf_rubert_baseline |   batch 450 | loss 1.3602 | lr 8.42e-07 | GPU 2.87 GB
2026-04-10 02:19:36 | DEBUG    | hf_rubert_baseline |   batch 500 | loss 1.2950 | lr 8.52e-07 | GPU 2.88 GB
2026-04-10 02:19:49 | DEBUG    | hf_rubert_baseline |   batch 550 | loss 1.3578 | lr 8.62e-07 | GPU 2.87 GB
2026-04-10 02:20:02 | DEBUG    | hf_rubert_baseline |   batch 600 | loss 1.1905 | lr 8.74e-07 | GPU 2.87 GB
2026-04-10 02:20:13 | DEBUG    | hf_rubert_baseline |   batch 650 | loss 1.2278 | lr 8.87e-07 | GPU 2.88 GB
2026-04-10 02:20:26 | DEBUG    | hf_rubert_baseline |   batch 700 | loss 1.3374 | lr 9.01e-07 | GPU 2.88 GB
2026-04-10 02:20:37 | DEBUG    | hf_rubert_baseline |   batch 750 | loss 1.3380 | lr 9.16e-07 | GPU 2.88 GB
2026-04-10 02:20:50 | DEBUG    | hf_rubert_baseline |   batch 800 | loss 1.2156 | lr 9.32e-07 | GPU 2.88 GB
2026-04-10 02:21:06 | DEBUG    | hf_rubert_baseline |   batch 850 | loss 1.2901 | lr 9.49e-07 | GPU 2.87 GB
2026-04-10 02:21:19 | DEBUG    | hf_rubert_baseline |   batch 900 | loss 1.1788 | lr 9.67e-07 | GPU 2.88 GB
2026-04-10 02:21:35 | DEBUG    | hf_rubert_baseline |   batch 950 | loss 1.1482 | lr 9.86e-07 | GPU 2.88 GB
2026-04-10 02:21:48 | DEBUG    | hf_rubert_baseline |   batch 1000 | loss 1.1185 | lr 1.01e-06 | GPU 2.88 GB
2026-04-10 02:22:01 | DEBUG    | hf_rubert_baseline |   batch 1050 | loss 1.0936 | lr 1.03e-06 | GPU 2.89 GB
2026-04-10 02:22:11 | DEBUG    | hf_rubert_baseline |   batch 1100 | loss 1.3787 | lr 1.05e-06 | GPU 2.88 GB
2026-04-10 02:22:21 | DEBUG    | hf_rubert_baseline |   batch 1150 | loss 1.2738 | lr 1.07e-06 | GPU 2.89 GB
2026-04-10 02:22:35 | DEBUG    | hf_rubert_baseline |   batch 1200 | loss 1.2072 | lr 1.10e-06 | GPU 2.88 GB
2026-04-10 02:22:47 | DEBUG    | hf_rubert_baseline |   batch 1250 | loss 1.1195 | lr 1.12e-06 | GPU 2.87 GB
2026-04-10 02:22:58 | DEBUG    | hf_rubert_baseline |   batch 1300 | loss 1.1809 | lr 1.15e-06 | GPU 2.87 GB
2026-04-10 02:23:10 | DEBUG    | hf_rubert_baseline |   batch 1350 | loss 1.2288 | lr 1.17e-06 | GPU 2.87 GB
2026-04-10 02:23:23 | DEBUG    | hf_rubert_baseline |   batch 1400 | loss 1.1800 | lr 1.20e-06 | GPU 2.87 GB
2026-04-10 02:23:38 | DEBUG    | hf_rubert_baseline |   batch 1450 | loss 1.1058 | lr 1.23e-06 | GPU 2.88 GB
2026-04-10 02:23:53 | DEBUG    | hf_rubert_baseline |   batch 1500 | loss 1.1130 | lr 1.26e-06 | GPU 2.88 GB
2026-04-10 02:24:07 | DEBUG    | hf_rubert_baseline |   batch 1550 | loss 1.3043 | lr 1.29e-06 | GPU 2.88 GB
2026-04-10 02:24:17 | DEBUG    | hf_rubert_baseline |   batch 1600 | loss 1.2154 | lr 1.32e-06 | GPU 2.88 GB
2026-04-10 02:24:26 | DEBUG    | hf_rubert_baseline |   batch 1650 | loss 1.1196 | lr 1.36e-06 | GPU 2.88 GB
2026-04-10 02:24:36 | DEBUG    | hf_rubert_baseline |   batch 1700 | loss 0.9906 | lr 1.39e-06 | GPU 2.88 GB
2026-04-10 02:24:50 | DEBUG    | hf_rubert_baseline |   batch 1750 | loss 1.3612 | lr 1.43e-06 | GPU 2.88 GB
2026-04-10 02:25:04 | DEBUG    | hf_rubert_baseline |   batch 1800 | loss 1.0893 | lr 1.46e-06 | GPU 2.87 GB
2026-04-10 02:25:16 | DEBUG    | hf_rubert_baseline |   batch 1850 | loss 1.0582 | lr 1.50e-06 | GPU 2.88 GB
2026-04-10 02:25:30 | DEBUG    | hf_rubert_baseline |   batch 1900 | loss 1.0981 | lr 1.54e-06 | GPU 2.88 GB
2026-04-10 02:25:44 | DEBUG    | hf_rubert_baseline |   batch 1950 | loss 0.7295 | lr 1.57e-06 | GPU 2.87 GB
2026-04-10 02:25:58 | DEBUG    | hf_rubert_baseline |   batch 2000 | loss 1.0835 | lr 1.61e-06 | GPU 2.87 GB
2026-04-10 02:26:13 | DEBUG    | hf_rubert_baseline |   batch 2050 | loss 1.0970 | lr 1.65e-06 | GPU 2.88 GB
2026-04-10 02:26:23 | DEBUG    | hf_rubert_baseline |   batch 2100 | loss 0.9356 | lr 1.70e-06 | GPU 2.88 GB
2026-04-10 02:26:33 | DEBUG    | hf_rubert_baseline |   batch 2150 | loss 0.8726 | lr 1.74e-06 | GPU 2.88 GB
2026-04-10 02:26:46 | DEBUG    | hf_rubert_baseline |   batch 2200 | loss 1.0977 | lr 1.78e-06 | GPU 2.88 GB
2026-04-10 02:27:01 | DEBUG    | hf_rubert_baseline |   batch 2250 | loss 0.8557 | lr 1.83e-06 | GPU 2.88 GB
2026-04-10 02:27:15 | DEBUG    | hf_rubert_baseline |   batch 2300 | loss 0.9891 | lr 1.87e-06 | GPU 2.88 GB
2026-04-10 02:27:31 | DEBUG    | hf_rubert_baseline |   batch 2350 | loss 1.0385 | lr 1.92e-06 | GPU 2.88 GB
2026-04-10 02:27:43 | DEBUG    | hf_rubert_baseline |   batch 2400 | loss 0.9851 | lr 1.96e-06 | GPU 2.88 GB
2026-04-10 02:27:55 | DEBUG    | hf_rubert_baseline |   batch 2450 | loss 0.7709 | lr 2.01e-06 | GPU 2.88 GB
2026-04-10 02:28:04 | DEBUG    | hf_rubert_baseline |   batch 2500 | loss 0.7245 | lr 2.06e-06 | GPU 2.88 GB
2026-04-10 02:28:15 | DEBUG    | hf_rubert_baseline |   batch 2550 | loss 1.1079 | lr 2.11e-06 | GPU 2.88 GB
2026-04-10 02:28:29 | DEBUG    | hf_rubert_baseline |   batch 2600 | loss 0.9721 | lr 2.16e-06 | GPU 2.87 GB
2026-04-10 02:28:39 | DEBUG    | hf_rubert_baseline |   batch 2650 | loss 1.0241 | lr 2.21e-06 | GPU 2.88 GB
2026-04-10 02:28:52 | DEBUG    | hf_rubert_baseline |   batch 2700 | loss 0.8967 | lr 2.27e-06 | GPU 2.87 GB
2026-04-10 02:29:04 | DEBUG    | hf_rubert_baseline |   batch 2750 | loss 0.8883 | lr 2.32e-06 | GPU 2.88 GB
2026-04-10 02:29:18 | DEBUG    | hf_rubert_baseline |   batch 2800 | loss 0.7772 | lr 2.37e-06 | GPU 2.87 GB
2026-04-10 02:29:35 | DEBUG    | hf_rubert_baseline |   batch 2850 | loss 0.8244 | lr 2.43e-06 | GPU 2.88 GB
2026-04-10 02:29:47 | DEBUG    | hf_rubert_baseline |   batch 2900 | loss 1.0108 | lr 2.48e-06 | GPU 2.88 GB
2026-04-10 02:29:56 | DEBUG    | hf_rubert_baseline |   batch 2950 | loss 1.2793 | lr 2.54e-06 | GPU 2.87 GB
2026-04-10 02:30:06 | DEBUG    | hf_rubert_baseline |   batch 3000 | loss 0.9903 | lr 2.60e-06 | GPU 2.88 GB
2026-04-10 02:30:18 | DEBUG    | hf_rubert_baseline |   batch 3050 | loss 0.9816 | lr 2.66e-06 | GPU 2.88 GB
2026-04-10 02:30:33 | DEBUG    | hf_rubert_baseline |   batch 3100 | loss 0.8547 | lr 2.72e-06 | GPU 2.88 GB
2026-04-10 02:30:47 | DEBUG    | hf_rubert_baseline |   batch 3150 | loss 1.2488 | lr 2.78e-06 | GPU 2.87 GB
2026-04-10 02:31:00 | DEBUG    | hf_rubert_baseline |   batch 3200 | loss 1.0098 | lr 2.84e-06 | GPU 2.88 GB
2026-04-10 02:31:10 | DEBUG    | hf_rubert_baseline |   batch 3250 | loss 0.7740 | lr 2.90e-06 | GPU 2.87 GB
2026-04-10 02:31:27 | DEBUG    | hf_rubert_baseline |   batch 3300 | loss 0.6367 | lr 2.96e-06 | GPU 2.87 GB
2026-04-10 02:31:44 | DEBUG    | hf_rubert_baseline |   batch 3350 | loss 1.1047 | lr 3.02e-06 | GPU 2.87 GB
2026-04-10 02:31:55 | DEBUG    | hf_rubert_baseline |   batch 3400 | loss 0.8303 | lr 3.09e-06 | GPU 2.88 GB
2026-04-10 02:32:05 | DEBUG    | hf_rubert_baseline |   batch 3450 | loss 0.8826 | lr 3.15e-06 | GPU 2.88 GB
2026-04-10 02:32:15 | DEBUG    | hf_rubert_baseline |   batch 3500 | loss 1.2118 | lr 3.22e-06 | GPU 2.88 GB
2026-04-10 02:32:25 | DEBUG    | hf_rubert_baseline |   batch 3550 | loss 0.9841 | lr 3.29e-06 | GPU 2.88 GB
2026-04-10 02:32:39 | DEBUG    | hf_rubert_baseline |   batch 3600 | loss 1.2466 | lr 3.35e-06 | GPU 2.88 GB
2026-04-10 02:32:50 | DEBUG    | hf_rubert_baseline |   batch 3650 | loss 1.1381 | lr 3.42e-06 | GPU 2.87 GB
2026-04-10 02:33:03 | DEBUG    | hf_rubert_baseline |   batch 3700 | loss 0.6977 | lr 3.49e-06 | GPU 2.87 GB
2026-04-10 02:33:21 | DEBUG    | hf_rubert_baseline |   batch 3750 | loss 0.6102 | lr 3.56e-06 | GPU 2.88 GB
2026-04-10 02:33:32 | DEBUG    | hf_rubert_baseline |   batch 3800 | loss 0.8958 | lr 3.63e-06 | GPU 2.88 GB
2026-04-10 02:33:42 | DEBUG    | hf_rubert_baseline |   batch 3850 | loss 0.9511 | lr 3.70e-06 | GPU 2.87 GB
2026-04-10 02:33:54 | DEBUG    | hf_rubert_baseline |   batch 3900 | loss 0.9073 | lr 3.77e-06 | GPU 2.88 GB
2026-04-10 02:34:04 | DEBUG    | hf_rubert_baseline |   batch 3950 | loss 1.0421 | lr 3.84e-06 | GPU 2.88 GB
2026-04-10 02:34:21 | DEBUG    | hf_rubert_baseline |   batch 4000 | loss 0.9582 | lr 3.92e-06 | GPU 2.88 GB
2026-04-10 02:34:35 | DEBUG    | hf_rubert_baseline |   batch 4050 | loss 1.0625 | lr 3.99e-06 | GPU 2.88 GB
2026-04-10 02:34:50 | DEBUG    | hf_rubert_baseline |   batch 4100 | loss 0.7087 | lr 4.06e-06 | GPU 2.88 GB
2026-04-10 02:35:02 | DEBUG    | hf_rubert_baseline |   batch 4150 | loss 1.2164 | lr 4.14e-06 | GPU 2.87 GB
2026-04-10 02:35:17 | DEBUG    | hf_rubert_baseline |   batch 4200 | loss 0.8943 | lr 4.22e-06 | GPU 2.88 GB
2026-04-10 02:35:31 | DEBUG    | hf_rubert_baseline |   batch 4250 | loss 0.9102 | lr 4.29e-06 | GPU 2.87 GB
2026-04-10 02:35:46 | DEBUG    | hf_rubert_baseline |   batch 4300 | loss 1.2921 | lr 4.37e-06 | GPU 2.87 GB
2026-04-10 02:35:59 | DEBUG    | hf_rubert_baseline |   batch 4350 | loss 0.8241 | lr 4.45e-06 | GPU 2.88 GB
2026-04-10 02:36:18 | DEBUG    | hf_rubert_baseline |   batch 4400 | loss 0.9297 | lr 4.53e-06 | GPU 2.88 GB
2026-04-10 02:36:32 | DEBUG    | hf_rubert_baseline |   batch 4450 | loss 0.7129 | lr 4.60e-06 | GPU 2.88 GB
2026-04-10 02:36:46 | DEBUG    | hf_rubert_baseline |   batch 4500 | loss 0.9395 | lr 4.68e-06 | GPU 2.88 GB
2026-04-10 02:37:00 | DEBUG    | hf_rubert_baseline |   batch 4550 | loss 0.7734 | lr 4.76e-06 | GPU 2.88 GB
2026-04-10 02:37:14 | DEBUG    | hf_rubert_baseline |   batch 4600 | loss 0.6149 | lr 4.85e-06 | GPU 2.88 GB
2026-04-10 02:37:27 | DEBUG    | hf_rubert_baseline |   batch 4650 | loss 1.0053 | lr 4.93e-06 | GPU 2.88 GB
2026-04-10 02:37:38 | DEBUG    | hf_rubert_baseline |   batch 4700 | loss 1.2351 | lr 5.01e-06 | GPU 2.88 GB
2026-04-10 02:37:49 | DEBUG    | hf_rubert_baseline |   batch 4750 | loss 0.8554 | lr 5.09e-06 | GPU 2.87 GB
2026-04-10 02:37:59 | DEBUG    | hf_rubert_baseline |   batch 4800 | loss 0.7407 | lr 5.17e-06 | GPU 2.88 GB
2026-04-10 02:38:11 | DEBUG    | hf_rubert_baseline |   batch 4850 | loss 0.6069 | lr 5.26e-06 | GPU 2.88 GB
2026-04-10 02:38:26 | DEBUG    | hf_rubert_baseline |   batch 4900 | loss 1.1835 | lr 5.34e-06 | GPU 2.87 GB
2026-04-10 02:38:38 | DEBUG    | hf_rubert_baseline |   batch 4950 | loss 1.1208 | lr 5.43e-06 | GPU 2.88 GB
2026-04-10 02:38:56 | DEBUG    | hf_rubert_baseline |   batch 5000 | loss 1.0398 | lr 5.51e-06 | GPU 2.88 GB
2026-04-10 02:39:25 | DEBUG    | hf_rubert_baseline |   batch 5050 | loss 0.6541 | lr 5.60e-06 | GPU 2.88 GB
2026-04-10 02:41:56 | INFO     | hf_rubert_baseline | Epoch 1/30 | train_loss 1.0606 | val_loss 0.9014 | train_UA 0.5324 | val_UA 0.6133 | val_F1 0.4956 | time 1537.3s | ETA 44582.4s
2026-04-10 02:42:30 | DEBUG    | hf_rubert_baseline |   batch 50 | loss 0.6137 | lr 5.69e-06 | GPU 2.87 GB
2026-04-10 02:42:42 | DEBUG    | hf_rubert_baseline |   batch 100 | loss 0.9754 | lr 5.77e-06 | GPU 2.88 GB
2026-04-10 02:42:53 | DEBUG    | hf_rubert_baseline |   batch 150 | loss 0.6792 | lr 5.86e-06 | GPU 2.88 GB
2026-04-10 02:43:04 | DEBUG    | hf_rubert_baseline |   batch 200 | loss 0.8673 | lr 5.95e-06 | GPU 2.88 GB
2026-04-10 02:43:15 | DEBUG    | hf_rubert_baseline |   batch 250 | loss 1.2023 | lr 6.04e-06 | GPU 2.87 GB
2026-04-10 02:43:26 | DEBUG    | hf_rubert_baseline |   batch 300 | loss 0.6851 | lr 6.13e-06 | GPU 2.88 GB
2026-04-10 02:43:38 | DEBUG    | hf_rubert_baseline |   batch 350 | loss 0.7786 | lr 6.22e-06 | GPU 2.87 GB
2026-04-10 02:43:50 | DEBUG    | hf_rubert_baseline |   batch 400 | loss 1.1163 | lr 6.31e-06 | GPU 2.88 GB
2026-04-10 02:44:04 | DEBUG    | hf_rubert_baseline |   batch 450 | loss 0.6696 | lr 6.40e-06 | GPU 2.88 GB
2026-04-10 02:44:17 | DEBUG    | hf_rubert_baseline |   batch 500 | loss 0.9702 | lr 6.49e-06 | GPU 2.88 GB
2026-04-10 02:44:28 | DEBUG    | hf_rubert_baseline |   batch 550 | loss 0.9947 | lr 6.58e-06 | GPU 2.87 GB
2026-04-10 02:44:40 | DEBUG    | hf_rubert_baseline |   batch 600 | loss 0.5592 | lr 6.67e-06 | GPU 2.88 GB
2026-04-10 02:44:52 | DEBUG    | hf_rubert_baseline |   batch 650 | loss 0.6583 | lr 6.76e-06 | GPU 2.87 GB
2026-04-10 02:45:03 | DEBUG    | hf_rubert_baseline |   batch 700 | loss 1.1211 | lr 6.85e-06 | GPU 2.88 GB
2026-04-10 02:45:11 | DEBUG    | hf_rubert_baseline |   batch 750 | loss 1.1504 | lr 6.95e-06 | GPU 2.87 GB
2026-04-10 02:45:25 | DEBUG    | hf_rubert_baseline |   batch 800 | loss 1.3346 | lr 7.04e-06 | GPU 2.88 GB
2026-04-10 02:45:36 | DEBUG    | hf_rubert_baseline |   batch 850 | loss 0.8646 | lr 7.13e-06 | GPU 2.88 GB
2026-04-10 02:45:45 | DEBUG    | hf_rubert_baseline |   batch 900 | loss 0.9548 | lr 7.23e-06 | GPU 2.87 GB
2026-04-10 02:45:58 | DEBUG    | hf_rubert_baseline |   batch 950 | loss 0.8085 | lr 7.32e-06 | GPU 2.88 GB
2026-04-10 02:46:11 | DEBUG    | hf_rubert_baseline |   batch 1000 | loss 0.7169 | lr 7.41e-06 | GPU 2.87 GB
2026-04-10 02:46:23 | DEBUG    | hf_rubert_baseline |   batch 1050 | loss 0.9552 | lr 7.51e-06 | GPU 2.88 GB
2026-04-10 02:46:35 | DEBUG    | hf_rubert_baseline |   batch 1100 | loss 0.8026 | lr 7.60e-06 | GPU 2.88 GB
2026-04-10 02:46:47 | DEBUG    | hf_rubert_baseline |   batch 1150 | loss 0.8883 | lr 7.70e-06 | GPU 2.88 GB
2026-04-10 02:46:56 | DEBUG    | hf_rubert_baseline |   batch 1200 | loss 0.9078 | lr 7.80e-06 | GPU 2.88 GB
2026-04-10 02:47:08 | DEBUG    | hf_rubert_baseline |   batch 1250 | loss 1.0740 | lr 7.89e-06 | GPU 2.88 GB
2026-04-10 02:47:20 | DEBUG    | hf_rubert_baseline |   batch 1300 | loss 0.8435 | lr 7.99e-06 | GPU 2.88 GB
2026-04-10 02:47:32 | DEBUG    | hf_rubert_baseline |   batch 1350 | loss 0.8342 | lr 8.08e-06 | GPU 2.88 GB
2026-04-10 02:47:44 | DEBUG    | hf_rubert_baseline |   batch 1400 | loss 0.9669 | lr 8.18e-06 | GPU 2.88 GB
2026-04-10 02:47:55 | DEBUG    | hf_rubert_baseline |   batch 1450 | loss 0.6874 | lr 8.28e-06 | GPU 2.87 GB
2026-04-10 02:48:07 | DEBUG    | hf_rubert_baseline |   batch 1500 | loss 0.6462 | lr 8.38e-06 | GPU 2.87 GB
2026-04-10 02:48:19 | DEBUG    | hf_rubert_baseline |   batch 1550 | loss 0.7725 | lr 8.47e-06 | GPU 2.88 GB
2026-04-10 02:48:31 | DEBUG    | hf_rubert_baseline |   batch 1600 | loss 0.9564 | lr 8.57e-06 | GPU 2.88 GB
2026-04-10 02:48:42 | DEBUG    | hf_rubert_baseline |   batch 1650 | loss 1.1551 | lr 8.67e-06 | GPU 2.87 GB
2026-04-10 02:48:54 | DEBUG    | hf_rubert_baseline |   batch 1700 | loss 0.7953 | lr 8.77e-06 | GPU 2.88 GB
2026-04-10 02:49:06 | DEBUG    | hf_rubert_baseline |   batch 1750 | loss 0.6637 | lr 8.86e-06 | GPU 2.88 GB
2026-04-10 02:49:18 | DEBUG    | hf_rubert_baseline |   batch 1800 | loss 0.7167 | lr 8.96e-06 | GPU 2.88 GB
2026-04-10 02:49:29 | DEBUG    | hf_rubert_baseline |   batch 1850 | loss 0.9885 | lr 9.06e-06 | GPU 2.88 GB
2026-04-10 02:49:41 | DEBUG    | hf_rubert_baseline |   batch 1900 | loss 1.4019 | lr 9.16e-06 | GPU 2.88 GB
2026-04-10 02:49:53 | DEBUG    | hf_rubert_baseline |   batch 1950 | loss 1.0569 | lr 9.26e-06 | GPU 2.88 GB
2026-04-10 02:50:04 | DEBUG    | hf_rubert_baseline |   batch 2000 | loss 0.8092 | lr 9.36e-06 | GPU 2.88 GB
2026-04-10 02:50:16 | DEBUG    | hf_rubert_baseline |   batch 2050 | loss 0.7212 | lr 9.46e-06 | GPU 2.88 GB
2026-04-10 02:50:28 | DEBUG    | hf_rubert_baseline |   batch 2100 | loss 0.7460 | lr 9.56e-06 | GPU 2.88 GB
2026-04-10 02:50:38 | DEBUG    | hf_rubert_baseline |   batch 2150 | loss 0.8639 | lr 9.65e-06 | GPU 2.87 GB
2026-04-10 02:50:49 | DEBUG    | hf_rubert_baseline |   batch 2200 | loss 0.7373 | lr 9.75e-06 | GPU 2.88 GB
