2026-04-09 14:34:55 | INFO     | coda_uniattn | Log file: C:\Users\Meric\Desktop\VKR\Code\results\logs\2026-04-09_14-34-55_coda_uniattn.log
2026-04-09 14:34:55 | INFO     | coda_uniattn | ============================================================
2026-04-09 14:34:55 | INFO     | coda_uniattn | Training: CODA-UNIATTN
2026-04-09 14:34:55 | INFO     | coda_uniattn | Device: cuda | Seed: 42 | Dry run: False
2026-04-09 14:34:55 | INFO     | coda_uniattn | Epochs: 30 | Batch: 16 | LR: 1.00e-04
2026-04-09 14:34:55 | INFO     | coda_uniattn | Freeze BERT: True | Prosodic: True
2026-04-09 14:34:55 | INFO     | coda_uniattn | ============================================================
2026-04-09 14:34:55 | INFO     | coda_uniattn | Dataset: 4671 samples
2026-04-09 14:34:55 | INFO     | coda_uniattn | Train: 4204 | Val: 467
2026-04-09 14:34:55 | INFO     | coda_uniattn | Class weights: ['1.111', '0.887', '0.496', '1.506']
2026-04-09 14:34:59 | INFO     | coda_uniattn | Total params: 179,697,606 | Trainable: 1,390,278
2026-04-09 14:35:32 | DEBUG    | coda_uniattn |   batch 50 | loss 2.5789 | grad 1.6593 | lr 4.95e-06 | GPU 0.77 GB
2026-04-09 14:35:34 | DEBUG    | coda_uniattn |   batch 100 | loss 1.9107 | grad 1.6744 | lr 7.76e-06 | GPU 0.77 GB
2026-04-09 14:35:36 | DEBUG    | coda_uniattn |   batch 150 | loss 1.8494 | grad 1.6699 | lr 1.23e-05 | GPU 0.77 GB
2026-04-09 14:35:38 | DEBUG    | coda_uniattn |   batch 200 | loss 1.7303 | grad 1.6884 | lr 1.85e-05 | GPU 0.77 GB
2026-04-09 14:35:40 | DEBUG    | coda_uniattn |   batch 250 | loss 1.6835 | grad 1.6472 | lr 2.59e-05 | GPU 0.77 GB
2026-04-09 14:36:10 | INFO     | coda_uniattn | Epoch 1/30 | train_loss 1.9681 | val_loss 1.3073 | train_UA 0.2528 | val_UA 0.3852 | val_F1 0.2672 | time 69.6s | ETA 2018.8s
2026-04-09 14:36:15 | DEBUG    | coda_uniattn |   batch 50 | loss 1.5838 | grad 1.7433 | lr 3.68e-05 | GPU 0.77 GB
2026-04-09 14:36:17 | DEBUG    | coda_uniattn |   batch 100 | loss 1.1782 | grad 1.7371 | lr 4.61e-05 | GPU 0.77 GB
2026-04-09 14:36:18 | DEBUG    | coda_uniattn |   batch 150 | loss 0.9799 | grad 2.0185 | lr 5.56e-05 | GPU 0.77 GB
2026-04-09 14:36:20 | DEBUG    | coda_uniattn |   batch 200 | loss 0.9345 | grad 1.9261 | lr 6.50e-05 | GPU 0.77 GB
2026-04-09 14:36:22 | DEBUG    | coda_uniattn |   batch 250 | loss 0.8661 | grad 1.9782 | lr 7.39e-05 | GPU 0.78 GB
2026-04-09 14:36:23 | INFO     | coda_uniattn | Epoch 2/30 | train_loss 1.3458 | val_loss 0.9963 | train_UA 0.4108 | val_UA 0.5856 | val_F1 0.5284 | time 10.7s | ETA 1158.2s
2026-04-09 14:36:28 | DEBUG    | coda_uniattn |   batch 50 | loss 0.8940 | grad 1.9328 | lr 8.39e-05 | GPU 0.77 GB
2026-04-09 14:36:29 | DEBUG    | coda_uniattn |   batch 100 | loss 1.2272 | grad 2.0694 | lr 9.03e-05 | GPU 0.77 GB
2026-04-09 14:36:31 | DEBUG    | coda_uniattn |   batch 150 | loss 1.0400 | grad 1.8744 | lr 9.53e-05 | GPU 0.77 GB
2026-04-09 14:36:33 | DEBUG    | coda_uniattn |   batch 200 | loss 1.4969 | grad 2.2313 | lr 9.85e-05 | GPU 0.77 GB
2026-04-09 14:36:35 | DEBUG    | coda_uniattn |   batch 250 | loss 0.7307 | grad 2.1000 | lr 9.99e-05 | GPU 0.77 GB
2026-04-09 14:36:36 | INFO     | coda_uniattn | Epoch 3/30 | train_loss 0.9654 | val_loss 0.8709 | train_UA 0.5901 | val_UA 0.6511 | val_F1 0.6065 | time 10.7s | ETA 860.5s
2026-04-09 14:36:42 | DEBUG    | coda_uniattn |   batch 50 | loss 0.6211 | grad 1.9499 | lr 1.00e-04 | GPU 0.78 GB
2026-04-09 14:36:43 | DEBUG    | coda_uniattn |   batch 100 | loss 0.9411 | grad 2.1903 | lr 1.00e-04 | GPU 0.78 GB
2026-04-09 14:36:45 | DEBUG    | coda_uniattn |   batch 150 | loss 0.5192 | grad 2.0504 | lr 9.99e-05 | GPU 0.77 GB
2026-04-09 14:36:47 | DEBUG    | coda_uniattn |   batch 200 | loss 0.6179 | grad 2.1025 | lr 9.98e-05 | GPU 0.77 GB
2026-04-09 14:36:49 | DEBUG    | coda_uniattn |   batch 250 | loss 0.9068 | grad 2.1074 | lr 9.97e-05 | GPU 0.77 GB
2026-04-09 14:36:50 | INFO     | coda_uniattn | Epoch 4/30 | train_loss 0.7980 | val_loss 0.8133 | train_UA 0.6759 | val_UA 0.6943 | val_F1 0.6662 | time 10.7s | ETA 711.9s
2026-04-09 14:36:56 | DEBUG    | coda_uniattn |   batch 50 | loss 0.3555 | grad 2.1808 | lr 9.95e-05 | GPU 0.77 GB
2026-04-09 14:36:58 | DEBUG    | coda_uniattn |   batch 100 | loss 0.7853 | grad 2.2817 | lr 9.94e-05 | GPU 0.77 GB
2026-04-09 14:37:00 | DEBUG    | coda_uniattn |   batch 150 | loss 0.4039 | grad 2.1254 | lr 9.92e-05 | GPU 0.77 GB
2026-04-09 14:37:02 | DEBUG    | coda_uniattn |   batch 200 | loss 0.4380 | grad 2.2062 | lr 9.90e-05 | GPU 0.77 GB
2026-04-09 14:37:04 | DEBUG    | coda_uniattn |   batch 250 | loss 0.8907 | grad 2.4043 | lr 9.87e-05 | GPU 0.77 GB
2026-04-09 14:37:05 | INFO     | coda_uniattn | Epoch 5/30 | train_loss 0.6884 | val_loss 0.7830 | train_UA 0.7278 | val_UA 0.7094 | val_F1 0.6740 | time 10.5s | ETA 620.9s
2026-04-09 14:37:11 | DEBUG    | coda_uniattn |   batch 50 | loss 0.5588 | grad 2.4401 | lr 9.84e-05 | GPU 0.77 GB
2026-04-09 14:37:13 | DEBUG    | coda_uniattn |   batch 100 | loss 0.2730 | grad 2.3126 | lr 9.81e-05 | GPU 0.77 GB
2026-04-09 14:37:15 | DEBUG    | coda_uniattn |   batch 150 | loss 0.2694 | grad 2.3645 | lr 9.78e-05 | GPU 0.77 GB
2026-04-09 14:37:16 | DEBUG    | coda_uniattn |   batch 200 | loss 0.3930 | grad 2.3715 | lr 9.74e-05 | GPU 0.77 GB
2026-04-09 14:37:18 | DEBUG    | coda_uniattn |   batch 250 | loss 0.6321 | grad 2.5922 | lr 9.71e-05 | GPU 0.78 GB
2026-04-09 14:37:20 | INFO     | coda_uniattn | Epoch 6/30 | train_loss 0.6160 | val_loss 0.7329 | train_UA 0.7578 | val_UA 0.7259 | val_F1 0.7009 | time 10.7s | ETA 555.8s
2026-04-09 14:37:25 | DEBUG    | coda_uniattn |   batch 50 | loss 0.4169 | grad 2.4518 | lr 9.66e-05 | GPU 0.78 GB
2026-04-09 14:37:27 | DEBUG    | coda_uniattn |   batch 100 | loss 0.5378 | grad 2.2998 | lr 9.62e-05 | GPU 0.77 GB
2026-04-09 14:37:29 | DEBUG    | coda_uniattn |   batch 150 | loss 0.3155 | grad 2.4841 | lr 9.57e-05 | GPU 0.77 GB
2026-04-09 14:37:31 | DEBUG    | coda_uniattn |   batch 200 | loss 0.6319 | grad 2.6157 | lr 9.53e-05 | GPU 0.77 GB
2026-04-09 14:37:33 | DEBUG    | coda_uniattn |   batch 250 | loss 0.4126 | grad 2.4138 | lr 9.48e-05 | GPU 0.77 GB
2026-04-09 14:37:34 | INFO     | coda_uniattn | Epoch 7/30 | train_loss 0.5170 | val_loss 0.7985 | train_UA 0.8122 | val_UA 0.7054 | val_F1 0.6887 | time 10.6s | ETA 503.9s
2026-04-09 14:37:40 | DEBUG    | coda_uniattn |   batch 50 | loss 0.4145 | grad 2.4685 | lr 9.42e-05 | GPU 0.77 GB
2026-04-09 14:37:41 | DEBUG    | coda_uniattn |   batch 100 | loss 0.4383 | grad 2.3663 | lr 9.36e-05 | GPU 0.78 GB
2026-04-09 14:37:43 | DEBUG    | coda_uniattn |   batch 150 | loss 0.3561 | grad 2.4906 | lr 9.31e-05 | GPU 0.77 GB
2026-04-09 14:37:45 | DEBUG    | coda_uniattn |   batch 200 | loss 0.6197 | grad 2.5166 | lr 9.25e-05 | GPU 0.77 GB
2026-04-09 14:37:47 | DEBUG    | coda_uniattn |   batch 250 | loss 1.1468 | grad 2.3462 | lr 9.19e-05 | GPU 0.77 GB
2026-04-09 14:37:48 | INFO     | coda_uniattn | Epoch 8/30 | train_loss 0.4545 | val_loss 0.8665 | train_UA 0.8298 | val_UA 0.6793 | val_F1 0.6757 | time 10.7s | ETA 460.7s
2026-04-09 14:37:54 | DEBUG    | coda_uniattn |   batch 50 | loss 0.1930 | grad 2.5621 | lr 9.11e-05 | GPU 0.77 GB
2026-04-09 14:37:56 | DEBUG    | coda_uniattn |   batch 100 | loss 0.2375 | grad 2.7722 | lr 9.05e-05 | GPU 0.77 GB
2026-04-09 14:37:58 | DEBUG    | coda_uniattn |   batch 150 | loss 0.2966 | grad 2.3420 | lr 8.98e-05 | GPU 0.77 GB
2026-04-09 14:37:59 | DEBUG    | coda_uniattn |   batch 200 | loss 0.5594 | grad 2.5156 | lr 8.92e-05 | GPU 0.78 GB
2026-04-09 14:38:01 | DEBUG    | coda_uniattn |   batch 250 | loss 0.1653 | grad 2.6539 | lr 8.85e-05 | GPU 0.78 GB
2026-04-09 14:38:03 | INFO     | coda_uniattn | Epoch 9/30 | train_loss 0.3822 | val_loss 0.8420 | train_UA 0.8612 | val_UA 0.7150 | val_F1 0.6860 | time 10.7s | ETA 424.2s
2026-04-09 14:38:08 | DEBUG    | coda_uniattn |   batch 50 | loss 0.1699 | grad 2.6203 | lr 8.76e-05 | GPU 0.78 GB
2026-04-09 14:38:10 | DEBUG    | coda_uniattn |   batch 100 | loss 0.2503 | grad 2.6988 | lr 8.68e-05 | GPU 0.78 GB
2026-04-09 14:38:12 | DEBUG    | coda_uniattn |   batch 150 | loss 0.3466 | grad 2.4966 | lr 8.61e-05 | GPU 0.77 GB
2026-04-09 14:38:14 | DEBUG    | coda_uniattn |   batch 200 | loss 0.3437 | grad 2.7584 | lr 8.53e-05 | GPU 0.78 GB
2026-04-09 14:38:16 | DEBUG    | coda_uniattn |   batch 250 | loss 0.2507 | grad 2.4932 | lr 8.45e-05 | GPU 0.77 GB
2026-04-09 14:38:17 | INFO     | coda_uniattn | Epoch 10/30 | train_loss 0.3154 | val_loss 0.8387 | train_UA 0.8791 | val_UA 0.7467 | val_F1 0.7238 | time 10.8s | ETA 392.9s
2026-04-09 14:38:23 | DEBUG    | coda_uniattn |   batch 50 | loss 0.0469 | grad 2.4958 | lr 8.35e-05 | GPU 0.77 GB
2026-04-09 14:38:25 | DEBUG    | coda_uniattn |   batch 100 | loss 0.5471 | grad 2.7493 | lr 8.27e-05 | GPU 0.78 GB
2026-04-09 14:38:27 | DEBUG    | coda_uniattn |   batch 150 | loss 0.3690 | grad 2.6557 | lr 8.18e-05 | GPU 0.77 GB
2026-04-09 14:38:28 | DEBUG    | coda_uniattn |   batch 200 | loss 0.2764 | grad 2.8187 | lr 8.09e-05 | GPU 0.78 GB
2026-04-09 14:38:30 | DEBUG    | coda_uniattn |   batch 250 | loss 0.0364 | grad 2.8056 | lr 8.01e-05 | GPU 0.77 GB
2026-04-09 14:38:32 | INFO     | coda_uniattn | Epoch 11/30 | train_loss 0.2626 | val_loss 0.9406 | train_UA 0.9063 | val_UA 0.7260 | val_F1 0.7258 | time 10.8s | ETA 364.2s
2026-04-09 14:38:37 | DEBUG    | coda_uniattn |   batch 50 | loss 0.0803 | grad 2.7311 | lr 7.89e-05 | GPU 0.77 GB
2026-04-09 14:38:39 | DEBUG    | coda_uniattn |   batch 100 | loss 0.3652 | grad 2.5229 | lr 7.80e-05 | GPU 0.77 GB
2026-04-09 14:38:41 | DEBUG    | coda_uniattn |   batch 150 | loss 0.0824 | grad 2.6303 | lr 7.71e-05 | GPU 0.77 GB
2026-04-09 14:38:43 | DEBUG    | coda_uniattn |   batch 200 | loss 0.2361 | grad 2.6944 | lr 7.62e-05 | GPU 0.78 GB
2026-04-09 14:38:45 | DEBUG    | coda_uniattn |   batch 250 | loss 0.2385 | grad 2.5922 | lr 7.52e-05 | GPU 0.77 GB
2026-04-09 14:38:46 | INFO     | coda_uniattn | Epoch 12/30 | train_loss 0.2204 | val_loss 1.0230 | train_UA 0.9203 | val_UA 0.6985 | val_F1 0.6911 | time 10.8s | ETA 338.0s
2026-04-09 14:38:52 | DEBUG    | coda_uniattn |   batch 50 | loss 0.1534 | grad 2.7197 | lr 7.40e-05 | GPU 0.78 GB
2026-04-09 14:38:54 | DEBUG    | coda_uniattn |   batch 100 | loss 0.1032 | grad 2.6692 | lr 7.30e-05 | GPU 0.78 GB
2026-04-09 14:38:56 | DEBUG    | coda_uniattn |   batch 150 | loss 0.1001 | grad 2.5376 | lr 7.21e-05 | GPU 0.77 GB
2026-04-09 14:38:57 | DEBUG    | coda_uniattn |   batch 200 | loss 0.1275 | grad 2.5200 | lr 7.11e-05 | GPU 0.78 GB
2026-04-09 14:38:59 | DEBUG    | coda_uniattn |   batch 250 | loss 0.1831 | grad 2.7039 | lr 7.00e-05 | GPU 0.77 GB
2026-04-09 14:39:01 | INFO     | coda_uniattn | Epoch 13/30 | train_loss 0.1707 | val_loss 1.1291 | train_UA 0.9373 | val_UA 0.7091 | val_F1 0.6974 | time 10.8s | ETA 313.7s
2026-04-09 14:39:06 | DEBUG    | coda_uniattn |   batch 50 | loss 0.1145 | grad 2.5962 | lr 6.88e-05 | GPU 0.78 GB
2026-04-09 14:39:08 | DEBUG    | coda_uniattn |   batch 100 | loss 0.0450 | grad 2.5492 | lr 6.77e-05 | GPU 0.77 GB
2026-04-09 14:39:10 | DEBUG    | coda_uniattn |   batch 150 | loss 0.1924 | grad 2.7884 | lr 6.67e-05 | GPU 0.77 GB
2026-04-09 14:39:12 | DEBUG    | coda_uniattn |   batch 200 | loss 0.2314 | grad 2.5105 | lr 6.56e-05 | GPU 0.77 GB
2026-04-09 14:39:13 | DEBUG    | coda_uniattn |   batch 250 | loss 0.0522 | grad 2.7245 | lr 6.46e-05 | GPU 0.77 GB
2026-04-09 14:39:15 | INFO     | coda_uniattn | Epoch 14/30 | train_loss 0.1326 | val_loss 1.2233 | train_UA 0.9566 | val_UA 0.7230 | val_F1 0.7152 | time 10.7s | ETA 290.4s
2026-04-09 14:39:21 | DEBUG    | coda_uniattn |   batch 50 | loss 0.0923 | grad 2.7504 | lr 6.33e-05 | GPU 0.77 GB
2026-04-09 14:39:22 | DEBUG    | coda_uniattn |   batch 100 | loss 0.0493 | grad 2.5183 | lr 6.22e-05 | GPU 0.77 GB
2026-04-09 14:39:24 | DEBUG    | coda_uniattn |   batch 150 | loss 0.1206 | grad 2.5201 | lr 6.11e-05 | GPU 0.77 GB
2026-04-09 14:39:26 | DEBUG    | coda_uniattn |   batch 200 | loss 0.0692 | grad 2.8818 | lr 6.00e-05 | GPU 0.77 GB
2026-04-09 14:39:28 | DEBUG    | coda_uniattn |   batch 250 | loss 0.0075 | grad 2.5488 | lr 5.89e-05 | GPU 0.78 GB
2026-04-09 14:39:29 | INFO     | coda_uniattn | Epoch 15/30 | train_loss 0.1055 | val_loss 1.4206 | train_UA 0.9673 | val_UA 0.7072 | val_F1 0.7086 | time 11.0s | ETA 268.8s
2026-04-09 14:39:33 | INFO     | coda_uniattn | Early stopping at epoch 15
2026-04-09 14:39:33 | INFO     | coda_uniattn | ============================================================
2026-04-09 14:39:33 | INFO     | coda_uniattn | Training complete in 4.5 min
2026-04-09 14:39:33 | INFO     | coda_uniattn | Best val UA: 0.7467
2026-04-09 14:39:33 | INFO     | coda_uniattn | 
Final validation metrics:
2026-04-09 14:39:33 | INFO     | coda_uniattn | WA:       0.7109
UA:       0.7072
Macro F1: 0.7086
Per-class F1:
  angry        0.7879
  sad          0.6415
  neutral      0.7160
  positive     0.6891
2026-04-09 14:39:33 | INFO     | coda_uniattn | Metrics saved to C:\Users\Meric\Desktop\VKR\Code\results\metrics\coda_uniattn_seed42.json
